10-Jun-2017 16:46:28.021 INFORMAÇÕES [main] org.apache.catalina.startup.VersionLoggerListener.log Server version:        Apache Tomcat/9.0.0.M21
10-Jun-2017 16:46:28.021 INFORMAÇÕES [main] org.apache.catalina.startup.VersionLoggerListener.log Server built:          May 4 2017 22:42:36 UTC
10-Jun-2017 16:46:28.021 INFORMAÇÕES [main] org.apache.catalina.startup.VersionLoggerListener.log Server number:         9.0.0.0
10-Jun-2017 16:46:28.021 INFORMAÇÕES [main] org.apache.catalina.startup.VersionLoggerListener.log OS Name:               Windows 10
10-Jun-2017 16:46:28.021 INFORMAÇÕES [main] org.apache.catalina.startup.VersionLoggerListener.log OS Version:            10.0
10-Jun-2017 16:46:28.021 INFORMAÇÕES [main] org.apache.catalina.startup.VersionLoggerListener.log Architecture:          amd64
10-Jun-2017 16:46:28.021 INFORMAÇÕES [main] org.apache.catalina.startup.VersionLoggerListener.log Java Home:             C:\Program Files\Java\jdk1.8.0_121\jre
10-Jun-2017 16:46:28.021 INFORMAÇÕES [main] org.apache.catalina.startup.VersionLoggerListener.log JVM Version:           1.8.0_121-b13
10-Jun-2017 16:46:28.021 INFORMAÇÕES [main] org.apache.catalina.startup.VersionLoggerListener.log JVM Vendor:            Oracle Corporation
10-Jun-2017 16:46:28.021 INFORMAÇÕES [main] org.apache.catalina.startup.VersionLoggerListener.log CATALINA_BASE:         C:\Users\jean\Documents\NetBeansProjects\sistex\apache-tomcat-9.0.0.M21-windows-x64\apache-tomcat-9.0.0.M21
10-Jun-2017 16:46:28.021 INFORMAÇÕES [main] org.apache.catalina.startup.VersionLoggerListener.log CATALINA_HOME:         C:\Users\jean\Documents\NetBeansProjects\sistex\apache-tomcat-9.0.0.M21-windows-x64\apache-tomcat-9.0.0.M21
10-Jun-2017 16:46:28.021 INFORMAÇÕES [main] org.apache.catalina.startup.VersionLoggerListener.log Command line argument: -Djava.util.logging.config.file=C:\Users\jean\Documents\NetBeansProjects\sistex\apache-tomcat-9.0.0.M21-windows-x64\apache-tomcat-9.0.0.M21\conf\logging.properties
10-Jun-2017 16:46:28.021 INFORMAÇÕES [main] org.apache.catalina.startup.VersionLoggerListener.log Command line argument: -Djava.util.logging.manager=org.apache.juli.ClassLoaderLogManager
10-Jun-2017 16:46:28.021 INFORMAÇÕES [main] org.apache.catalina.startup.VersionLoggerListener.log Command line argument: -Dhttp.nonProxyHosts=localhost|127.0.0.1|DESKTOP-O8HVBJ0
10-Jun-2017 16:46:28.021 INFORMAÇÕES [main] org.apache.catalina.startup.VersionLoggerListener.log Command line argument: -Djdk.tls.ephemeralDHKeySize=2048
10-Jun-2017 16:46:28.021 INFORMAÇÕES [main] org.apache.catalina.startup.VersionLoggerListener.log Command line argument: -Djava.protocol.handler.pkgs=org.apache.catalina.webresources
10-Jun-2017 16:46:28.021 INFORMAÇÕES [main] org.apache.catalina.startup.VersionLoggerListener.log Command line argument: -Dcatalina.base=C:\Users\jean\Documents\NetBeansProjects\sistex\apache-tomcat-9.0.0.M21-windows-x64\apache-tomcat-9.0.0.M21
10-Jun-2017 16:46:28.021 INFORMAÇÕES [main] org.apache.catalina.startup.VersionLoggerListener.log Command line argument: -Dcatalina.home=C:\Users\jean\Documents\NetBeansProjects\sistex\apache-tomcat-9.0.0.M21-windows-x64\apache-tomcat-9.0.0.M21
10-Jun-2017 16:46:28.021 INFORMAÇÕES [main] org.apache.catalina.startup.VersionLoggerListener.log Command line argument: -Djava.io.tmpdir=C:\Users\jean\Documents\NetBeansProjects\sistex\apache-tomcat-9.0.0.M21-windows-x64\apache-tomcat-9.0.0.M21\temp
10-Jun-2017 16:46:28.021 INFORMAÇÕES [main] org.apache.catalina.core.AprLifecycleListener.lifecycleEvent Loaded APR based Apache Tomcat Native library [1.2.12] using APR version [1.5.2].
10-Jun-2017 16:46:28.021 INFORMAÇÕES [main] org.apache.catalina.core.AprLifecycleListener.lifecycleEvent APR capabilities: IPv6 [true], sendfile [true], accept filters [false], random [true].
10-Jun-2017 16:46:28.021 INFORMAÇÕES [main] org.apache.catalina.core.AprLifecycleListener.lifecycleEvent APR/OpenSSL configuration: useAprConnector [false], useOpenSSL [true]
10-Jun-2017 16:46:28.814 INFORMAÇÕES [main] org.apache.catalina.core.AprLifecycleListener.initializeSSL OpenSSL successfully initialized [OpenSSL 1.0.2k  26 Jan 2017]
10-Jun-2017 16:46:28.970 INFORMAÇÕES [main] org.apache.coyote.AbstractProtocol.init Initializing ProtocolHandler ["http-nio-8080"]
10-Jun-2017 16:46:29.111 INFORMAÇÕES [main] org.apache.tomcat.util.net.NioSelectorPool.getSharedSelector Using a shared selector for servlet write/read
10-Jun-2017 16:46:29.111 INFORMAÇÕES [main] org.apache.coyote.AbstractProtocol.init Initializing ProtocolHandler ["ajp-nio-8009"]
10-Jun-2017 16:46:29.127 INFORMAÇÕES [main] org.apache.tomcat.util.net.NioSelectorPool.getSharedSelector Using a shared selector for servlet write/read
10-Jun-2017 16:46:29.127 INFORMAÇÕES [main] org.apache.catalina.startup.Catalina.load Initialization processed in 1729 ms
10-Jun-2017 16:46:29.158 INFORMAÇÕES [main] org.apache.catalina.core.StandardService.startInternal Starting service [Catalina]
10-Jun-2017 16:46:29.158 INFORMAÇÕES [main] org.apache.catalina.core.StandardEngine.startInternal Starting Servlet Engine: Apache Tomcat/9.0.0.M21
10-Jun-2017 16:46:29.173 INFORMAÇÕES [main] org.apache.catalina.startup.HostConfig.deployDescriptor Deploying configuration descriptor [C:\Users\jean\Documents\NetBeansProjects\sistex\apache-tomcat-9.0.0.M21-windows-x64\apache-tomcat-9.0.0.M21\conf\Catalina\localhost\sistex.xml]
10-Jun-2017 16:46:29.820 INFORMAÇÕES [main] org.apache.jasper.servlet.TldScanner.scanJars At least one JAR was scanned for TLDs yet contained no TLDs. Enable debug logging for this logger for a complete list of JARs that were scanned but no TLDs were found in them. Skipping unneeded JARs during scanning can improve startup time and JSP compilation time.
10-Jun-2017 16:46:29.898 INFORMAÇÕES [main] org.apache.catalina.startup.HostConfig.deployDescriptor Deployment of configuration descriptor [C:\Users\jean\Documents\NetBeansProjects\sistex\apache-tomcat-9.0.0.M21-windows-x64\apache-tomcat-9.0.0.M21\conf\Catalina\localhost\sistex.xml] has finished in [725] ms
10-Jun-2017 16:46:29.898 INFORMAÇÕES [main] org.apache.catalina.startup.HostConfig.deployDirectory Deploying web application directory [C:\Users\jean\Documents\NetBeansProjects\sistex\apache-tomcat-9.0.0.M21-windows-x64\apache-tomcat-9.0.0.M21\webapps\docs]
10-Jun-2017 16:46:29.930 INFORMAÇÕES [main] org.apache.catalina.startup.HostConfig.deployDirectory Deployment of web application directory [C:\Users\jean\Documents\NetBeansProjects\sistex\apache-tomcat-9.0.0.M21-windows-x64\apache-tomcat-9.0.0.M21\webapps\docs] has finished in [32] ms
10-Jun-2017 16:46:29.930 INFORMAÇÕES [main] org.apache.catalina.startup.HostConfig.deployDirectory Deploying web application directory [C:\Users\jean\Documents\NetBeansProjects\sistex\apache-tomcat-9.0.0.M21-windows-x64\apache-tomcat-9.0.0.M21\webapps\examples]
10-Jun-2017 16:46:31.066 INFORMAÇÕES [main] org.apache.catalina.startup.HostConfig.deployDirectory Deployment of web application directory [C:\Users\jean\Documents\NetBeansProjects\sistex\apache-tomcat-9.0.0.M21-windows-x64\apache-tomcat-9.0.0.M21\webapps\examples] has finished in [1,136] ms
10-Jun-2017 16:46:31.066 INFORMAÇÕES [main] org.apache.catalina.startup.HostConfig.deployDirectory Deploying web application directory [C:\Users\jean\Documents\NetBeansProjects\sistex\apache-tomcat-9.0.0.M21-windows-x64\apache-tomcat-9.0.0.M21\webapps\host-manager]
10-Jun-2017 16:46:31.129 INFORMAÇÕES [main] org.apache.catalina.startup.HostConfig.deployDirectory Deployment of web application directory [C:\Users\jean\Documents\NetBeansProjects\sistex\apache-tomcat-9.0.0.M21-windows-x64\apache-tomcat-9.0.0.M21\webapps\host-manager] has finished in [63] ms
10-Jun-2017 16:46:31.129 INFORMAÇÕES [main] org.apache.catalina.startup.HostConfig.deployDirectory Deploying web application directory [C:\Users\jean\Documents\NetBeansProjects\sistex\apache-tomcat-9.0.0.M21-windows-x64\apache-tomcat-9.0.0.M21\webapps\manager]
10-Jun-2017 16:46:31.176 INFORMAÇÕES [main] org.apache.catalina.startup.HostConfig.deployDirectory Deployment of web application directory [C:\Users\jean\Documents\NetBeansProjects\sistex\apache-tomcat-9.0.0.M21-windows-x64\apache-tomcat-9.0.0.M21\webapps\manager] has finished in [47] ms
10-Jun-2017 16:46:31.176 INFORMAÇÕES [main] org.apache.catalina.startup.HostConfig.deployDirectory Deploying web application directory [C:\Users\jean\Documents\NetBeansProjects\sistex\apache-tomcat-9.0.0.M21-windows-x64\apache-tomcat-9.0.0.M21\webapps\ROOT]
10-Jun-2017 16:46:31.223 INFORMAÇÕES [main] org.apache.catalina.startup.HostConfig.deployDirectory Deployment of web application directory [C:\Users\jean\Documents\NetBeansProjects\sistex\apache-tomcat-9.0.0.M21-windows-x64\apache-tomcat-9.0.0.M21\webapps\ROOT] has finished in [47] ms
10-Jun-2017 16:46:31.223 INFORMAÇÕES [main] org.apache.coyote.AbstractProtocol.start Starting ProtocolHandler ["http-nio-8080"]
10-Jun-2017 16:46:31.254 INFORMAÇÕES [main] org.apache.coyote.AbstractProtocol.start Starting ProtocolHandler ["ajp-nio-8009"]
10-Jun-2017 16:46:31.254 INFORMAÇÕES [main] org.apache.catalina.startup.Catalina.start Server startup in 2130 ms
10-Jun-2017 16:46:45.610 INFORMAÇÕES [http-nio-8080-exec-10] org.apache.catalina.startup.HostConfig.deployDescriptor Deploying configuration descriptor [C:\Users\jean\Documents\NetBeansProjects\sistex\apache-tomcat-9.0.0.M21-windows-x64\apache-tomcat-9.0.0.M21\conf\Catalina\localhost\test.xml]
10-Jun-2017 16:46:46.337 INFORMAÇÕES [http-nio-8080-exec-10] com.sun.faces.config.ConfigureListener.contextInitialized Inicializando Mojarra 2.2.7 ( 20140610-1547 https://svn.java.net/svn/mojarra~svn/tags/2.2.7@13362) para o contexto '/test'
10-Jun-2017 16:46:46.462 INFORMAÇÕES [http-nio-8080-exec-10] com.sun.faces.spi.InjectionProviderFactory.createInstance JSF1048: Anotações PostConstruct/PreDestroy presentes.  Os métodos ManagedBeans marcados com essas anotações informarão as anotações processadas.
10-Jun-2017 16:46:47.124 INFORMAÇÕES [http-nio-8080-exec-10] org.apache.catalina.startup.HostConfig.deployDescriptor Deployment of configuration descriptor [C:\Users\jean\Documents\NetBeansProjects\sistex\apache-tomcat-9.0.0.M21-windows-x64\apache-tomcat-9.0.0.M21\conf\Catalina\localhost\test.xml] has finished in [1,514] ms
10-Jun-2017 16:46:47.139 INFORMAÇÕES [http-nio-8080-exec-1] org.apache.catalina.util.LifecycleBase.start The start() method was called on component [StandardEngine[Catalina].StandardHost[localhost].StandardContext[/test]] after start() had already been called. The second call will be ignored.
10-Jun-2017 16:47:27.484 INFORMAÇÕES [http-nio-8080-exec-6] org.apache.catalina.core.StandardContext.reload Reloading Context with name [/test] has started
10-Jun-2017 16:47:28.549 INFORMAÇÕES [http-nio-8080-exec-6] com.sun.faces.config.ConfigureListener.contextInitialized Inicializando Mojarra 2.2.7 ( 20140610-1547 https://svn.java.net/svn/mojarra~svn/tags/2.2.7@13362) para o contexto '/test'
10-Jun-2017 16:47:28.659 INFORMAÇÕES [http-nio-8080-exec-6] com.sun.faces.spi.InjectionProviderFactory.createInstance JSF1048: Anotações PostConstruct/PreDestroy presentes.  Os métodos ManagedBeans marcados com essas anotações informarão as anotações processadas.
10-Jun-2017 16:47:29.383 INFORMAÇÕES [http-nio-8080-exec-6] org.apache.catalina.core.StandardContext.reload Reloading Context with name [/test] is completed
10-Jun-2017 16:47:59.942 INFORMAÇÕES [http-nio-8080-exec-9] org.apache.catalina.core.StandardContext.reload Reloading Context with name [/test] has started
10-Jun-2017 16:48:00.998 INFORMAÇÕES [http-nio-8080-exec-9] com.sun.faces.config.ConfigureListener.contextInitialized Inicializando Mojarra 2.2.7 ( 20140610-1547 https://svn.java.net/svn/mojarra~svn/tags/2.2.7@13362) para o contexto '/test'
10-Jun-2017 16:48:01.092 INFORMAÇÕES [http-nio-8080-exec-9] com.sun.faces.spi.InjectionProviderFactory.createInstance JSF1048: Anotações PostConstruct/PreDestroy presentes.  Os métodos ManagedBeans marcados com essas anotações informarão as anotações processadas.
10-Jun-2017 16:48:01.656 INFORMAÇÕES [http-nio-8080-exec-9] org.apache.catalina.core.StandardContext.reload Reloading Context with name [/test] is completed
10-Jun-2017 16:48:07.775 INFORMAÇÕES [http-nio-8080-exec-14] org.apache.catalina.core.StandardContext.reload Reloading Context with name [/test] has started
10-Jun-2017 16:48:08.570 INFORMAÇÕES [http-nio-8080-exec-14] com.sun.faces.config.ConfigureListener.contextInitialized Inicializando Mojarra 2.2.7 ( 20140610-1547 https://svn.java.net/svn/mojarra~svn/tags/2.2.7@13362) para o contexto '/test'
10-Jun-2017 16:48:08.629 INFORMAÇÕES [http-nio-8080-exec-14] com.sun.faces.spi.InjectionProviderFactory.createInstance JSF1048: Anotações PostConstruct/PreDestroy presentes.  Os métodos ManagedBeans marcados com essas anotações informarão as anotações processadas.
10-Jun-2017 16:48:09.198 INFORMAÇÕES [http-nio-8080-exec-14] org.apache.catalina.core.StandardContext.reload Reloading Context with name [/test] is completed
10-Jun-2017 17:00:04.182 INFORMAÇÕES [http-nio-8080-exec-15] com.sun.faces.config.ConfigureListener.contextInitialized Inicializando Mojarra 2.2.7 ( 20140610-1547 https://svn.java.net/svn/mojarra~svn/tags/2.2.7@13362) para o contexto '/test'
10-Jun-2017 17:00:04.260 INFORMAÇÕES [http-nio-8080-exec-15] com.sun.faces.spi.InjectionProviderFactory.createInstance JSF1048: Anotações PostConstruct/PreDestroy presentes.  Os métodos ManagedBeans marcados com essas anotações informarão as anotações processadas.
10-Jun-2017 17:00:10.619 INFORMAÇÕES [http-nio-8080-exec-24] com.sun.faces.config.ConfigureListener.contextInitialized Inicializando Mojarra 2.2.7 ( 20140610-1547 https://svn.java.net/svn/mojarra~svn/tags/2.2.7@13362) para o contexto '/test'
10-Jun-2017 17:00:10.692 INFORMAÇÕES [http-nio-8080-exec-24] com.sun.faces.spi.InjectionProviderFactory.createInstance JSF1048: Anotações PostConstruct/PreDestroy presentes.  Os métodos ManagedBeans marcados com essas anotações informarão as anotações processadas.
10-Jun-2017 17:00:12.084 INFORMAÇÕES [ContainerBackgroundProcessor[StandardEngine[Catalina]]] org.apache.catalina.startup.HostConfig.reload Reloading context [/test]
10-Jun-2017 17:00:12.084 INFORMAÇÕES [ContainerBackgroundProcessor[StandardEngine[Catalina]]] org.apache.catalina.core.StandardContext.reload Reloading Context with name [/test] has started
10-Jun-2017 17:00:12.685 INFORMAÇÕES [ContainerBackgroundProcessor[StandardEngine[Catalina]]] com.sun.faces.config.ConfigureListener.contextInitialized Inicializando Mojarra 2.2.7 ( 20140610-1547 https://svn.java.net/svn/mojarra~svn/tags/2.2.7@13362) para o contexto '/test'
10-Jun-2017 17:00:12.754 INFORMAÇÕES [ContainerBackgroundProcessor[StandardEngine[Catalina]]] com.sun.faces.spi.InjectionProviderFactory.createInstance JSF1048: Anotações PostConstruct/PreDestroy presentes.  Os métodos ManagedBeans marcados com essas anotações informarão as anotações processadas.
10-Jun-2017 17:00:13.245 INFORMAÇÕES [ContainerBackgroundProcessor[StandardEngine[Catalina]]] org.apache.catalina.core.StandardContext.reload Reloading Context with name [/test] is completed
10-Jun-2017 17:00:24.095 INFORMAÇÕES [http-nio-8080-exec-22] org.apache.catalina.startup.HostConfig.undeploy Undeploying context [/test]
10-Jun-2017 17:00:38.978 INFORMAÇÕES [main] org.apache.catalina.core.StandardServer.await A valid shutdown command was received via the shutdown port. Stopping the Server instance.
10-Jun-2017 17:00:38.978 INFORMAÇÕES [main] org.apache.coyote.AbstractProtocol.pause Pausing ProtocolHandler ["http-nio-8080"]
10-Jun-2017 17:00:39.088 INFORMAÇÕES [main] org.apache.coyote.AbstractProtocol.pause Pausing ProtocolHandler ["ajp-nio-8009"]
10-Jun-2017 17:00:39.243 INFORMAÇÕES [main] org.apache.catalina.core.StandardService.stopInternal Stopping service [Catalina]
10-Jun-2017 17:00:39.286 INFORMAÇÕES [main] org.apache.coyote.AbstractProtocol.stop Stopping ProtocolHandler ["http-nio-8080"]
10-Jun-2017 17:00:39.286 INFORMAÇÕES [main] org.apache.coyote.AbstractProtocol.stop Stopping ProtocolHandler ["ajp-nio-8009"]
10-Jun-2017 17:00:39.286 INFORMAÇÕES [main] org.apache.coyote.AbstractProtocol.destroy Destroying ProtocolHandler ["http-nio-8080"]
10-Jun-2017 17:00:39.301 INFORMAÇÕES [main] org.apache.coyote.AbstractProtocol.destroy Destroying ProtocolHandler ["ajp-nio-8009"]
10-Jun-2017 17:00:42.569 INFORMAÇÕES [main] org.apache.catalina.startup.VersionLoggerListener.log Server version:        Apache Tomcat/9.0.0.M21
10-Jun-2017 17:00:42.569 INFORMAÇÕES [main] org.apache.catalina.startup.VersionLoggerListener.log Server built:          May 4 2017 22:42:36 UTC
10-Jun-2017 17:00:42.569 INFORMAÇÕES [main] org.apache.catalina.startup.VersionLoggerListener.log Server number:         9.0.0.0
10-Jun-2017 17:00:42.569 INFORMAÇÕES [main] org.apache.catalina.startup.VersionLoggerListener.log OS Name:               Windows 10
10-Jun-2017 17:00:42.569 INFORMAÇÕES [main] org.apache.catalina.startup.VersionLoggerListener.log OS Version:            10.0
10-Jun-2017 17:00:42.569 INFORMAÇÕES [main] org.apache.catalina.startup.VersionLoggerListener.log Architecture:          amd64
10-Jun-2017 17:00:42.585 INFORMAÇÕES [main] org.apache.catalina.startup.VersionLoggerListener.log Java Home:             C:\Program Files\Java\jdk1.8.0_121\jre
10-Jun-2017 17:00:42.585 INFORMAÇÕES [main] org.apache.catalina.startup.VersionLoggerListener.log JVM Version:           1.8.0_121-b13
10-Jun-2017 17:00:42.585 INFORMAÇÕES [main] org.apache.catalina.startup.VersionLoggerListener.log JVM Vendor:            Oracle Corporation
10-Jun-2017 17:00:42.585 INFORMAÇÕES [main] org.apache.catalina.startup.VersionLoggerListener.log CATALINA_BASE:         C:\Users\jean\Documents\NetBeansProjects\sistex\apache-tomcat-9.0.0.M21-windows-x64\apache-tomcat-9.0.0.M21
10-Jun-2017 17:00:42.585 INFORMAÇÕES [main] org.apache.catalina.startup.VersionLoggerListener.log CATALINA_HOME:         C:\Users\jean\Documents\NetBeansProjects\sistex\apache-tomcat-9.0.0.M21-windows-x64\apache-tomcat-9.0.0.M21
10-Jun-2017 17:00:42.585 INFORMAÇÕES [main] org.apache.catalina.startup.VersionLoggerListener.log Command line argument: -Djava.util.logging.config.file=C:\Users\jean\Documents\NetBeansProjects\sistex\apache-tomcat-9.0.0.M21-windows-x64\apache-tomcat-9.0.0.M21\conf\logging.properties
10-Jun-2017 17:00:42.585 INFORMAÇÕES [main] org.apache.catalina.startup.VersionLoggerListener.log Command line argument: -Djava.util.logging.manager=org.apache.juli.ClassLoaderLogManager
10-Jun-2017 17:00:42.585 INFORMAÇÕES [main] org.apache.catalina.startup.VersionLoggerListener.log Command line argument: -Dhttp.nonProxyHosts=localhost|127.0.0.1|DESKTOP-O8HVBJ0
10-Jun-2017 17:00:42.585 INFORMAÇÕES [main] org.apache.catalina.startup.VersionLoggerListener.log Command line argument: -Djdk.tls.ephemeralDHKeySize=2048
10-Jun-2017 17:00:42.585 INFORMAÇÕES [main] org.apache.catalina.startup.VersionLoggerListener.log Command line argument: -Djava.protocol.handler.pkgs=org.apache.catalina.webresources
10-Jun-2017 17:00:42.585 INFORMAÇÕES [main] org.apache.catalina.startup.VersionLoggerListener.log Command line argument: -Dcatalina.base=C:\Users\jean\Documents\NetBeansProjects\sistex\apache-tomcat-9.0.0.M21-windows-x64\apache-tomcat-9.0.0.M21
10-Jun-2017 17:00:42.585 INFORMAÇÕES [main] org.apache.catalina.startup.VersionLoggerListener.log Command line argument: -Dcatalina.home=C:\Users\jean\Documents\NetBeansProjects\sistex\apache-tomcat-9.0.0.M21-windows-x64\apache-tomcat-9.0.0.M21
10-Jun-2017 17:00:42.585 INFORMAÇÕES [main] org.apache.catalina.startup.VersionLoggerListener.log Command line argument: -Djava.io.tmpdir=C:\Users\jean\Documents\NetBeansProjects\sistex\apache-tomcat-9.0.0.M21-windows-x64\apache-tomcat-9.0.0.M21\temp
10-Jun-2017 17:00:42.585 INFORMAÇÕES [main] org.apache.catalina.core.AprLifecycleListener.lifecycleEvent Loaded APR based Apache Tomcat Native library [1.2.12] using APR version [1.5.2].
10-Jun-2017 17:00:42.585 INFORMAÇÕES [main] org.apache.catalina.core.AprLifecycleListener.lifecycleEvent APR capabilities: IPv6 [true], sendfile [true], accept filters [false], random [true].
10-Jun-2017 17:00:42.585 INFORMAÇÕES [main] org.apache.catalina.core.AprLifecycleListener.lifecycleEvent APR/OpenSSL configuration: useAprConnector [false], useOpenSSL [true]
10-Jun-2017 17:00:43.663 INFORMAÇÕES [main] org.apache.catalina.core.AprLifecycleListener.initializeSSL OpenSSL successfully initialized [OpenSSL 1.0.2k  26 Jan 2017]
10-Jun-2017 17:00:43.856 INFORMAÇÕES [main] org.apache.coyote.AbstractProtocol.init Initializing ProtocolHandler ["http-nio-8080"]
10-Jun-2017 17:00:44.064 INFORMAÇÕES [main] org.apache.tomcat.util.net.NioSelectorPool.getSharedSelector Using a shared selector for servlet write/read
10-Jun-2017 17:00:44.067 INFORMAÇÕES [main] org.apache.coyote.AbstractProtocol.init Initializing ProtocolHandler ["ajp-nio-8009"]
10-Jun-2017 17:00:44.074 INFORMAÇÕES [main] org.apache.tomcat.util.net.NioSelectorPool.getSharedSelector Using a shared selector for servlet write/read
10-Jun-2017 17:00:44.079 INFORMAÇÕES [main] org.apache.catalina.startup.Catalina.load Initialization processed in 2056 ms
10-Jun-2017 17:00:44.127 INFORMAÇÕES [main] org.apache.catalina.core.StandardService.startInternal Starting service [Catalina]
10-Jun-2017 17:00:44.127 INFORMAÇÕES [main] org.apache.catalina.core.StandardEngine.startInternal Starting Servlet Engine: Apache Tomcat/9.0.0.M21
10-Jun-2017 17:00:44.142 INFORMAÇÕES [main] org.apache.catalina.startup.HostConfig.deployDescriptor Deploying configuration descriptor [C:\Users\jean\Documents\NetBeansProjects\sistex\apache-tomcat-9.0.0.M21-windows-x64\apache-tomcat-9.0.0.M21\conf\Catalina\localhost\sistex.xml]
10-Jun-2017 17:00:44.818 INFORMAÇÕES [main] org.apache.jasper.servlet.TldScanner.scanJars At least one JAR was scanned for TLDs yet contained no TLDs. Enable debug logging for this logger for a complete list of JARs that were scanned but no TLDs were found in them. Skipping unneeded JARs during scanning can improve startup time and JSP compilation time.
10-Jun-2017 17:00:44.896 INFORMAÇÕES [main] org.apache.catalina.startup.HostConfig.deployDescriptor Deployment of configuration descriptor [C:\Users\jean\Documents\NetBeansProjects\sistex\apache-tomcat-9.0.0.M21-windows-x64\apache-tomcat-9.0.0.M21\conf\Catalina\localhost\sistex.xml] has finished in [754] ms
10-Jun-2017 17:00:44.896 INFORMAÇÕES [main] org.apache.catalina.startup.HostConfig.deployDirectory Deploying web application directory [C:\Users\jean\Documents\NetBeansProjects\sistex\apache-tomcat-9.0.0.M21-windows-x64\apache-tomcat-9.0.0.M21\webapps\docs]
10-Jun-2017 17:00:44.968 INFORMAÇÕES [main] org.apache.catalina.startup.HostConfig.deployDirectory Deployment of web application directory [C:\Users\jean\Documents\NetBeansProjects\sistex\apache-tomcat-9.0.0.M21-windows-x64\apache-tomcat-9.0.0.M21\webapps\docs] has finished in [71] ms
10-Jun-2017 17:00:44.968 INFORMAÇÕES [main] org.apache.catalina.startup.HostConfig.deployDirectory Deploying web application directory [C:\Users\jean\Documents\NetBeansProjects\sistex\apache-tomcat-9.0.0.M21-windows-x64\apache-tomcat-9.0.0.M21\webapps\examples]
10-Jun-2017 17:00:45.531 INFORMAÇÕES [main] org.apache.catalina.startup.HostConfig.deployDirectory Deployment of web application directory [C:\Users\jean\Documents\NetBeansProjects\sistex\apache-tomcat-9.0.0.M21-windows-x64\apache-tomcat-9.0.0.M21\webapps\examples] has finished in [563] ms
10-Jun-2017 17:00:45.531 INFORMAÇÕES [main] org.apache.catalina.startup.HostConfig.deployDirectory Deploying web application directory [C:\Users\jean\Documents\NetBeansProjects\sistex\apache-tomcat-9.0.0.M21-windows-x64\apache-tomcat-9.0.0.M21\webapps\host-manager]
10-Jun-2017 17:00:45.578 INFORMAÇÕES [main] org.apache.catalina.startup.HostConfig.deployDirectory Deployment of web application directory [C:\Users\jean\Documents\NetBeansProjects\sistex\apache-tomcat-9.0.0.M21-windows-x64\apache-tomcat-9.0.0.M21\webapps\host-manager] has finished in [47] ms
10-Jun-2017 17:00:45.578 INFORMAÇÕES [main] org.apache.catalina.startup.HostConfig.deployDirectory Deploying web application directory [C:\Users\jean\Documents\NetBeansProjects\sistex\apache-tomcat-9.0.0.M21-windows-x64\apache-tomcat-9.0.0.M21\webapps\manager]
10-Jun-2017 17:00:45.625 INFORMAÇÕES [main] org.apache.catalina.startup.HostConfig.deployDirectory Deployment of web application directory [C:\Users\jean\Documents\NetBeansProjects\sistex\apache-tomcat-9.0.0.M21-windows-x64\apache-tomcat-9.0.0.M21\webapps\manager] has finished in [47] ms
10-Jun-2017 17:00:45.625 INFORMAÇÕES [main] org.apache.catalina.startup.HostConfig.deployDirectory Deploying web application directory [C:\Users\jean\Documents\NetBeansProjects\sistex\apache-tomcat-9.0.0.M21-windows-x64\apache-tomcat-9.0.0.M21\webapps\ROOT]
10-Jun-2017 17:00:45.687 INFORMAÇÕES [main] org.apache.catalina.startup.HostConfig.deployDirectory Deployment of web application directory [C:\Users\jean\Documents\NetBeansProjects\sistex\apache-tomcat-9.0.0.M21-windows-x64\apache-tomcat-9.0.0.M21\webapps\ROOT] has finished in [62] ms
10-Jun-2017 17:00:45.718 INFORMAÇÕES [main] org.apache.coyote.AbstractProtocol.start Starting ProtocolHandler ["http-nio-8080"]
10-Jun-2017 17:00:45.734 INFORMAÇÕES [main] org.apache.coyote.AbstractProtocol.start Starting ProtocolHandler ["ajp-nio-8009"]
10-Jun-2017 17:00:45.734 INFORMAÇÕES [main] org.apache.catalina.startup.Catalina.start Server startup in 1663 ms
10-Jun-2017 17:00:52.375 INFORMAÇÕES [http-nio-8080-exec-1] org.apache.catalina.startup.HostConfig.deployDescriptor Deploying configuration descriptor [C:\Users\jean\Documents\NetBeansProjects\sistex\apache-tomcat-9.0.0.M21-windows-x64\apache-tomcat-9.0.0.M21\conf\Catalina\localhost\test.xml]
10-Jun-2017 17:00:53.100 INFORMAÇÕES [http-nio-8080-exec-1] com.sun.faces.config.ConfigureListener.contextInitialized Inicializando Mojarra 2.2.7 ( 20140610-1547 https://svn.java.net/svn/mojarra~svn/tags/2.2.7@13362) para o contexto '/test'
10-Jun-2017 17:00:53.257 INFORMAÇÕES [http-nio-8080-exec-1] com.sun.faces.spi.InjectionProviderFactory.createInstance JSF1048: Anotações PostConstruct/PreDestroy presentes.  Os métodos ManagedBeans marcados com essas anotações informarão as anotações processadas.
10-Jun-2017 17:00:53.956 INFORMAÇÕES [http-nio-8080-exec-1] org.apache.catalina.startup.HostConfig.deployDescriptor Deployment of configuration descriptor [C:\Users\jean\Documents\NetBeansProjects\sistex\apache-tomcat-9.0.0.M21-windows-x64\apache-tomcat-9.0.0.M21\conf\Catalina\localhost\test.xml] has finished in [1,581] ms
10-Jun-2017 17:00:53.956 INFORMAÇÕES [http-nio-8080-exec-3] org.apache.catalina.util.LifecycleBase.start The start() method was called on component [StandardEngine[Catalina].StandardHost[localhost].StandardContext[/test]] after start() had already been called. The second call will be ignored.
10-Jun-2017 17:01:06.218 ADVERTÊNCIA [http-nio-8080-exec-10] com.sun.faces.lifecycle.InvokeApplicationPhase.execute #{testeBean.sorteio}: javax.el.PropertyNotFoundException: /index.xhtml @21,86 action="#{testeBean.sorteio}": Target Unreachable, identifier [testeBean] resolved to null
 javax.faces.FacesException: #{testeBean.sorteio}: javax.el.PropertyNotFoundException: /index.xhtml @21,86 action="#{testeBean.sorteio}": Target Unreachable, identifier [testeBean] resolved to null
	at com.sun.faces.application.ActionListenerImpl.processAction(ActionListenerImpl.java:118)
	at javax.faces.component.UICommand.broadcast(UICommand.java:315)
	at javax.faces.component.UIViewRoot.broadcastEvents(UIViewRoot.java:790)
	at javax.faces.component.UIViewRoot.processApplication(UIViewRoot.java:1282)
	at com.sun.faces.lifecycle.InvokeApplicationPhase.execute(InvokeApplicationPhase.java:81)
	at com.sun.faces.lifecycle.Phase.doPhase(Phase.java:101)
	at com.sun.faces.lifecycle.LifecycleImpl.execute(LifecycleImpl.java:198)
	at javax.faces.webapp.FacesServlet.service(FacesServlet.java:646)
	at org.apache.catalina.core.ApplicationFilterChain.internalDoFilter(ApplicationFilterChain.java:231)
	at org.apache.catalina.core.ApplicationFilterChain.doFilter(ApplicationFilterChain.java:166)
	at org.apache.tomcat.websocket.server.WsFilter.doFilter(WsFilter.java:53)
	at org.apache.catalina.core.ApplicationFilterChain.internalDoFilter(ApplicationFilterChain.java:193)
	at org.apache.catalina.core.ApplicationFilterChain.doFilter(ApplicationFilterChain.java:166)
	at org.apache.catalina.core.StandardWrapperValve.invoke(StandardWrapperValve.java:199)
	at org.apache.catalina.core.StandardContextValve.invoke(StandardContextValve.java:96)
	at org.apache.catalina.authenticator.AuthenticatorBase.invoke(AuthenticatorBase.java:475)
	at org.apache.catalina.core.StandardHostValve.invoke(StandardHostValve.java:140)
	at org.apache.catalina.valves.ErrorReportValve.invoke(ErrorReportValve.java:80)
	at org.apache.catalina.valves.AbstractAccessLogValve.invoke(AbstractAccessLogValve.java:624)
	at org.apache.catalina.core.StandardEngineValve.invoke(StandardEngineValve.java:87)
	at org.apache.catalina.connector.CoyoteAdapter.service(CoyoteAdapter.java:342)
	at org.apache.coyote.http11.Http11Processor.service(Http11Processor.java:498)
	at org.apache.coyote.AbstractProcessorLight.process(AbstractProcessorLight.java:66)
	at org.apache.coyote.AbstractProtocol$ConnectionHandler.process(AbstractProtocol.java:796)
	at org.apache.tomcat.util.net.NioEndpoint$SocketProcessor.doRun(NioEndpoint.java:1366)
	at org.apache.tomcat.util.net.SocketProcessorBase.run(SocketProcessorBase.java:49)
	at java.util.concurrent.ThreadPoolExecutor.runWorker(ThreadPoolExecutor.java:1142)
	at java.util.concurrent.ThreadPoolExecutor$Worker.run(ThreadPoolExecutor.java:617)
	at org.apache.tomcat.util.threads.TaskThread$WrappingRunnable.run(TaskThread.java:61)
	at java.lang.Thread.run(Thread.java:745)
Caused by: javax.faces.el.EvaluationException: javax.el.PropertyNotFoundException: /index.xhtml @21,86 action="#{testeBean.sorteio}": Target Unreachable, identifier [testeBean] resolved to null
	at javax.faces.component.MethodBindingMethodExpressionAdapter.invoke(MethodBindingMethodExpressionAdapter.java:94)
	at com.sun.faces.application.ActionListenerImpl.processAction(ActionListenerImpl.java:102)
	... 29 more
Caused by: javax.el.PropertyNotFoundException: /index.xhtml @21,86 action="#{testeBean.sorteio}": Target Unreachable, identifier [testeBean] resolved to null
	at com.sun.faces.facelets.el.TagMethodExpression.invoke(TagMethodExpression.java:107)
	at javax.faces.component.MethodBindingMethodExpressionAdapter.invoke(MethodBindingMethodExpressionAdapter.java:87)
	... 30 more

10-Jun-2017 17:01:06.249 1100 [http-nio-8080-exec-10] com.sun.faces.context.ExceptionHandlerImpl.log JSF1073: javax.faces.FacesException obtido durante o processamento de INVOKE_APPLICATION 5: UIComponent-ClientId=, Message=#{testeBean.sorteio}: javax.el.PropertyNotFoundException: /index.xhtml @21,86 action="#{testeBean.sorteio}": Target Unreachable, identifier [testeBean] resolved to null
10-Jun-2017 17:01:06.452 1100 [http-nio-8080-exec-10] com.sun.faces.context.ExceptionHandlerImpl.log #{testeBean.sorteio}: javax.el.PropertyNotFoundException: /index.xhtml @21,86 action="#{testeBean.sorteio}": Target Unreachable, identifier [testeBean] resolved to null
 javax.faces.FacesException: #{testeBean.sorteio}: javax.el.PropertyNotFoundException: /index.xhtml @21,86 action="#{testeBean.sorteio}": Target Unreachable, identifier [testeBean] resolved to null
	at com.sun.faces.lifecycle.InvokeApplicationPhase.execute(InvokeApplicationPhase.java:89)
	at com.sun.faces.lifecycle.Phase.doPhase(Phase.java:101)
	at com.sun.faces.lifecycle.LifecycleImpl.execute(LifecycleImpl.java:198)
	at javax.faces.webapp.FacesServlet.service(FacesServlet.java:646)
	at org.apache.catalina.core.ApplicationFilterChain.internalDoFilter(ApplicationFilterChain.java:231)
	at org.apache.catalina.core.ApplicationFilterChain.doFilter(ApplicationFilterChain.java:166)
	at org.apache.tomcat.websocket.server.WsFilter.doFilter(WsFilter.java:53)
	at org.apache.catalina.core.ApplicationFilterChain.internalDoFilter(ApplicationFilterChain.java:193)
	at org.apache.catalina.core.ApplicationFilterChain.doFilter(ApplicationFilterChain.java:166)
	at org.apache.catalina.core.StandardWrapperValve.invoke(StandardWrapperValve.java:199)
	at org.apache.catalina.core.StandardContextValve.invoke(StandardContextValve.java:96)
	at org.apache.catalina.authenticator.AuthenticatorBase.invoke(AuthenticatorBase.java:475)
	at org.apache.catalina.core.StandardHostValve.invoke(StandardHostValve.java:140)
	at org.apache.catalina.valves.ErrorReportValve.invoke(ErrorReportValve.java:80)
	at org.apache.catalina.valves.AbstractAccessLogValve.invoke(AbstractAccessLogValve.java:624)
	at org.apache.catalina.core.StandardEngineValve.invoke(StandardEngineValve.java:87)
	at org.apache.catalina.connector.CoyoteAdapter.service(CoyoteAdapter.java:342)
	at org.apache.coyote.http11.Http11Processor.service(Http11Processor.java:498)
	at org.apache.coyote.AbstractProcessorLight.process(AbstractProcessorLight.java:66)
	at org.apache.coyote.AbstractProtocol$ConnectionHandler.process(AbstractProtocol.java:796)
	at org.apache.tomcat.util.net.NioEndpoint$SocketProcessor.doRun(NioEndpoint.java:1366)
	at org.apache.tomcat.util.net.SocketProcessorBase.run(SocketProcessorBase.java:49)
	at java.util.concurrent.ThreadPoolExecutor.runWorker(ThreadPoolExecutor.java:1142)
	at java.util.concurrent.ThreadPoolExecutor$Worker.run(ThreadPoolExecutor.java:617)
	at org.apache.tomcat.util.threads.TaskThread$WrappingRunnable.run(TaskThread.java:61)
	at java.lang.Thread.run(Thread.java:745)
Caused by: javax.faces.FacesException: #{testeBean.sorteio}: javax.el.PropertyNotFoundException: /index.xhtml @21,86 action="#{testeBean.sorteio}": Target Unreachable, identifier [testeBean] resolved to null
	at com.sun.faces.application.ActionListenerImpl.processAction(ActionListenerImpl.java:118)
	at javax.faces.component.UICommand.broadcast(UICommand.java:315)
	at javax.faces.component.UIViewRoot.broadcastEvents(UIViewRoot.java:790)
	at javax.faces.component.UIViewRoot.processApplication(UIViewRoot.java:1282)
	at com.sun.faces.lifecycle.InvokeApplicationPhase.execute(InvokeApplicationPhase.java:81)
	... 25 more
Caused by: javax.faces.el.EvaluationException: javax.el.PropertyNotFoundException: /index.xhtml @21,86 action="#{testeBean.sorteio}": Target Unreachable, identifier [testeBean] resolved to null
	at javax.faces.component.MethodBindingMethodExpressionAdapter.invoke(MethodBindingMethodExpressionAdapter.java:94)
	at com.sun.faces.application.ActionListenerImpl.processAction(ActionListenerImpl.java:102)
	... 29 more
Caused by: javax.el.PropertyNotFoundException: /index.xhtml @21,86 action="#{testeBean.sorteio}": Target Unreachable, identifier [testeBean] resolved to null
	at com.sun.faces.facelets.el.TagMethodExpression.invoke(TagMethodExpression.java:107)
	at javax.faces.component.MethodBindingMethodExpressionAdapter.invoke(MethodBindingMethodExpressionAdapter.java:87)
	... 30 more

10-Jun-2017 17:08:16.710 ADVERTÊNCIA [http-nio-8080-exec-8] com.sun.faces.lifecycle.InvokeApplicationPhase.execute #{testeBean.sorteio}: javax.el.PropertyNotFoundException: /index.xhtml @21,86 action="#{testeBean.sorteio}": Target Unreachable, identifier [testeBean] resolved to null
 javax.faces.FacesException: #{testeBean.sorteio}: javax.el.PropertyNotFoundException: /index.xhtml @21,86 action="#{testeBean.sorteio}": Target Unreachable, identifier [testeBean] resolved to null
	at com.sun.faces.application.ActionListenerImpl.processAction(ActionListenerImpl.java:118)
	at javax.faces.component.UICommand.broadcast(UICommand.java:315)
	at javax.faces.component.UIViewRoot.broadcastEvents(UIViewRoot.java:790)
	at javax.faces.component.UIViewRoot.processApplication(UIViewRoot.java:1282)
	at com.sun.faces.lifecycle.InvokeApplicationPhase.execute(InvokeApplicationPhase.java:81)
	at com.sun.faces.lifecycle.Phase.doPhase(Phase.java:101)
	at com.sun.faces.lifecycle.LifecycleImpl.execute(LifecycleImpl.java:198)
	at javax.faces.webapp.FacesServlet.service(FacesServlet.java:646)
	at org.apache.catalina.core.ApplicationFilterChain.internalDoFilter(ApplicationFilterChain.java:231)
	at org.apache.catalina.core.ApplicationFilterChain.doFilter(ApplicationFilterChain.java:166)
	at org.apache.tomcat.websocket.server.WsFilter.doFilter(WsFilter.java:53)
	at org.apache.catalina.core.ApplicationFilterChain.internalDoFilter(ApplicationFilterChain.java:193)
	at org.apache.catalina.core.ApplicationFilterChain.doFilter(ApplicationFilterChain.java:166)
	at org.apache.catalina.core.StandardWrapperValve.invoke(StandardWrapperValve.java:199)
	at org.apache.catalina.core.StandardContextValve.invoke(StandardContextValve.java:96)
	at org.apache.catalina.authenticator.AuthenticatorBase.invoke(AuthenticatorBase.java:475)
	at org.apache.catalina.core.StandardHostValve.invoke(StandardHostValve.java:140)
	at org.apache.catalina.valves.ErrorReportValve.invoke(ErrorReportValve.java:80)
	at org.apache.catalina.valves.AbstractAccessLogValve.invoke(AbstractAccessLogValve.java:624)
	at org.apache.catalina.core.StandardEngineValve.invoke(StandardEngineValve.java:87)
	at org.apache.catalina.connector.CoyoteAdapter.service(CoyoteAdapter.java:342)
	at org.apache.coyote.http11.Http11Processor.service(Http11Processor.java:498)
	at org.apache.coyote.AbstractProcessorLight.process(AbstractProcessorLight.java:66)
	at org.apache.coyote.AbstractProtocol$ConnectionHandler.process(AbstractProtocol.java:796)
	at org.apache.tomcat.util.net.NioEndpoint$SocketProcessor.doRun(NioEndpoint.java:1366)
	at org.apache.tomcat.util.net.SocketProcessorBase.run(SocketProcessorBase.java:49)
	at java.util.concurrent.ThreadPoolExecutor.runWorker(ThreadPoolExecutor.java:1142)
	at java.util.concurrent.ThreadPoolExecutor$Worker.run(ThreadPoolExecutor.java:617)
	at org.apache.tomcat.util.threads.TaskThread$WrappingRunnable.run(TaskThread.java:61)
	at java.lang.Thread.run(Thread.java:745)
Caused by: javax.faces.el.EvaluationException: javax.el.PropertyNotFoundException: /index.xhtml @21,86 action="#{testeBean.sorteio}": Target Unreachable, identifier [testeBean] resolved to null
	at javax.faces.component.MethodBindingMethodExpressionAdapter.invoke(MethodBindingMethodExpressionAdapter.java:94)
	at com.sun.faces.application.ActionListenerImpl.processAction(ActionListenerImpl.java:102)
	... 29 more
Caused by: javax.el.PropertyNotFoundException: /index.xhtml @21,86 action="#{testeBean.sorteio}": Target Unreachable, identifier [testeBean] resolved to null
	at com.sun.faces.facelets.el.TagMethodExpression.invoke(TagMethodExpression.java:107)
	at javax.faces.component.MethodBindingMethodExpressionAdapter.invoke(MethodBindingMethodExpressionAdapter.java:87)
	... 30 more

10-Jun-2017 17:08:16.720 1100 [http-nio-8080-exec-8] com.sun.faces.context.ExceptionHandlerImpl.log JSF1073: javax.faces.FacesException obtido durante o processamento de INVOKE_APPLICATION 5: UIComponent-ClientId=, Message=#{testeBean.sorteio}: javax.el.PropertyNotFoundException: /index.xhtml @21,86 action="#{testeBean.sorteio}": Target Unreachable, identifier [testeBean] resolved to null
10-Jun-2017 17:08:16.803 1100 [http-nio-8080-exec-8] com.sun.faces.context.ExceptionHandlerImpl.log #{testeBean.sorteio}: javax.el.PropertyNotFoundException: /index.xhtml @21,86 action="#{testeBean.sorteio}": Target Unreachable, identifier [testeBean] resolved to null
 javax.faces.FacesException: #{testeBean.sorteio}: javax.el.PropertyNotFoundException: /index.xhtml @21,86 action="#{testeBean.sorteio}": Target Unreachable, identifier [testeBean] resolved to null
	at com.sun.faces.lifecycle.InvokeApplicationPhase.execute(InvokeApplicationPhase.java:89)
	at com.sun.faces.lifecycle.Phase.doPhase(Phase.java:101)
	at com.sun.faces.lifecycle.LifecycleImpl.execute(LifecycleImpl.java:198)
	at javax.faces.webapp.FacesServlet.service(FacesServlet.java:646)
	at org.apache.catalina.core.ApplicationFilterChain.internalDoFilter(ApplicationFilterChain.java:231)
	at org.apache.catalina.core.ApplicationFilterChain.doFilter(ApplicationFilterChain.java:166)
	at org.apache.tomcat.websocket.server.WsFilter.doFilter(WsFilter.java:53)
	at org.apache.catalina.core.ApplicationFilterChain.internalDoFilter(ApplicationFilterChain.java:193)
	at org.apache.catalina.core.ApplicationFilterChain.doFilter(ApplicationFilterChain.java:166)
	at org.apache.catalina.core.StandardWrapperValve.invoke(StandardWrapperValve.java:199)
	at org.apache.catalina.core.StandardContextValve.invoke(StandardContextValve.java:96)
	at org.apache.catalina.authenticator.AuthenticatorBase.invoke(AuthenticatorBase.java:475)
	at org.apache.catalina.core.StandardHostValve.invoke(StandardHostValve.java:140)
	at org.apache.catalina.valves.ErrorReportValve.invoke(ErrorReportValve.java:80)
	at org.apache.catalina.valves.AbstractAccessLogValve.invoke(AbstractAccessLogValve.java:624)
	at org.apache.catalina.core.StandardEngineValve.invoke(StandardEngineValve.java:87)
	at org.apache.catalina.connector.CoyoteAdapter.service(CoyoteAdapter.java:342)
	at org.apache.coyote.http11.Http11Processor.service(Http11Processor.java:498)
	at org.apache.coyote.AbstractProcessorLight.process(AbstractProcessorLight.java:66)
	at org.apache.coyote.AbstractProtocol$ConnectionHandler.process(AbstractProtocol.java:796)
	at org.apache.tomcat.util.net.NioEndpoint$SocketProcessor.doRun(NioEndpoint.java:1366)
	at org.apache.tomcat.util.net.SocketProcessorBase.run(SocketProcessorBase.java:49)
	at java.util.concurrent.ThreadPoolExecutor.runWorker(ThreadPoolExecutor.java:1142)
	at java.util.concurrent.ThreadPoolExecutor$Worker.run(ThreadPoolExecutor.java:617)
	at org.apache.tomcat.util.threads.TaskThread$WrappingRunnable.run(TaskThread.java:61)
	at java.lang.Thread.run(Thread.java:745)
Caused by: javax.faces.FacesException: #{testeBean.sorteio}: javax.el.PropertyNotFoundException: /index.xhtml @21,86 action="#{testeBean.sorteio}": Target Unreachable, identifier [testeBean] resolved to null
	at com.sun.faces.application.ActionListenerImpl.processAction(ActionListenerImpl.java:118)
	at javax.faces.component.UICommand.broadcast(UICommand.java:315)
	at javax.faces.component.UIViewRoot.broadcastEvents(UIViewRoot.java:790)
	at javax.faces.component.UIViewRoot.processApplication(UIViewRoot.java:1282)
	at com.sun.faces.lifecycle.InvokeApplicationPhase.execute(InvokeApplicationPhase.java:81)
	... 25 more
Caused by: javax.faces.el.EvaluationException: javax.el.PropertyNotFoundException: /index.xhtml @21,86 action="#{testeBean.sorteio}": Target Unreachable, identifier [testeBean] resolved to null
	at javax.faces.component.MethodBindingMethodExpressionAdapter.invoke(MethodBindingMethodExpressionAdapter.java:94)
	at com.sun.faces.application.ActionListenerImpl.processAction(ActionListenerImpl.java:102)
	... 29 more
Caused by: javax.el.PropertyNotFoundException: /index.xhtml @21,86 action="#{testeBean.sorteio}": Target Unreachable, identifier [testeBean] resolved to null
	at com.sun.faces.facelets.el.TagMethodExpression.invoke(TagMethodExpression.java:107)
	at javax.faces.component.MethodBindingMethodExpressionAdapter.invoke(MethodBindingMethodExpressionAdapter.java:87)
	... 30 more

10-Jun-2017 17:08:23.851 ADVERTÊNCIA [http-nio-8080-exec-10] com.sun.faces.lifecycle.InvokeApplicationPhase.execute #{testeBean.sorteio}: javax.el.PropertyNotFoundException: /index.xhtml @21,86 action="#{testeBean.sorteio}": Target Unreachable, identifier [testeBean] resolved to null
 javax.faces.FacesException: #{testeBean.sorteio}: javax.el.PropertyNotFoundException: /index.xhtml @21,86 action="#{testeBean.sorteio}": Target Unreachable, identifier [testeBean] resolved to null
	at com.sun.faces.application.ActionListenerImpl.processAction(ActionListenerImpl.java:118)
	at javax.faces.component.UICommand.broadcast(UICommand.java:315)
	at javax.faces.component.UIViewRoot.broadcastEvents(UIViewRoot.java:790)
	at javax.faces.component.UIViewRoot.processApplication(UIViewRoot.java:1282)
	at com.sun.faces.lifecycle.InvokeApplicationPhase.execute(InvokeApplicationPhase.java:81)
	at com.sun.faces.lifecycle.Phase.doPhase(Phase.java:101)
	at com.sun.faces.lifecycle.LifecycleImpl.execute(LifecycleImpl.java:198)
	at javax.faces.webapp.FacesServlet.service(FacesServlet.java:646)
	at org.apache.catalina.core.ApplicationFilterChain.internalDoFilter(ApplicationFilterChain.java:231)
	at org.apache.catalina.core.ApplicationFilterChain.doFilter(ApplicationFilterChain.java:166)
	at org.apache.tomcat.websocket.server.WsFilter.doFilter(WsFilter.java:53)
	at org.apache.catalina.core.ApplicationFilterChain.internalDoFilter(ApplicationFilterChain.java:193)
	at org.apache.catalina.core.ApplicationFilterChain.doFilter(ApplicationFilterChain.java:166)
	at org.apache.catalina.core.StandardWrapperValve.invoke(StandardWrapperValve.java:199)
	at org.apache.catalina.core.StandardContextValve.invoke(StandardContextValve.java:96)
	at org.apache.catalina.authenticator.AuthenticatorBase.invoke(AuthenticatorBase.java:475)
	at org.apache.catalina.core.StandardHostValve.invoke(StandardHostValve.java:140)
	at org.apache.catalina.valves.ErrorReportValve.invoke(ErrorReportValve.java:80)
	at org.apache.catalina.valves.AbstractAccessLogValve.invoke(AbstractAccessLogValve.java:624)
	at org.apache.catalina.core.StandardEngineValve.invoke(StandardEngineValve.java:87)
	at org.apache.catalina.connector.CoyoteAdapter.service(CoyoteAdapter.java:342)
	at org.apache.coyote.http11.Http11Processor.service(Http11Processor.java:498)
	at org.apache.coyote.AbstractProcessorLight.process(AbstractProcessorLight.java:66)
	at org.apache.coyote.AbstractProtocol$ConnectionHandler.process(AbstractProtocol.java:796)
	at org.apache.tomcat.util.net.NioEndpoint$SocketProcessor.doRun(NioEndpoint.java:1366)
	at org.apache.tomcat.util.net.SocketProcessorBase.run(SocketProcessorBase.java:49)
	at java.util.concurrent.ThreadPoolExecutor.runWorker(ThreadPoolExecutor.java:1142)
	at java.util.concurrent.ThreadPoolExecutor$Worker.run(ThreadPoolExecutor.java:617)
	at org.apache.tomcat.util.threads.TaskThread$WrappingRunnable.run(TaskThread.java:61)
	at java.lang.Thread.run(Thread.java:745)
Caused by: javax.faces.el.EvaluationException: javax.el.PropertyNotFoundException: /index.xhtml @21,86 action="#{testeBean.sorteio}": Target Unreachable, identifier [testeBean] resolved to null
	at javax.faces.component.MethodBindingMethodExpressionAdapter.invoke(MethodBindingMethodExpressionAdapter.java:94)
	at com.sun.faces.application.ActionListenerImpl.processAction(ActionListenerImpl.java:102)
	... 29 more
Caused by: javax.el.PropertyNotFoundException: /index.xhtml @21,86 action="#{testeBean.sorteio}": Target Unreachable, identifier [testeBean] resolved to null
	at com.sun.faces.facelets.el.TagMethodExpression.invoke(TagMethodExpression.java:107)
	at javax.faces.component.MethodBindingMethodExpressionAdapter.invoke(MethodBindingMethodExpressionAdapter.java:87)
	... 30 more

10-Jun-2017 17:08:23.864 1100 [http-nio-8080-exec-10] com.sun.faces.context.ExceptionHandlerImpl.log JSF1073: javax.faces.FacesException obtido durante o processamento de INVOKE_APPLICATION 5: UIComponent-ClientId=, Message=#{testeBean.sorteio}: javax.el.PropertyNotFoundException: /index.xhtml @21,86 action="#{testeBean.sorteio}": Target Unreachable, identifier [testeBean] resolved to null
10-Jun-2017 17:08:23.864 1100 [http-nio-8080-exec-10] com.sun.faces.context.ExceptionHandlerImpl.log #{testeBean.sorteio}: javax.el.PropertyNotFoundException: /index.xhtml @21,86 action="#{testeBean.sorteio}": Target Unreachable, identifier [testeBean] resolved to null
 javax.faces.FacesException: #{testeBean.sorteio}: javax.el.PropertyNotFoundException: /index.xhtml @21,86 action="#{testeBean.sorteio}": Target Unreachable, identifier [testeBean] resolved to null
	at com.sun.faces.lifecycle.InvokeApplicationPhase.execute(InvokeApplicationPhase.java:89)
	at com.sun.faces.lifecycle.Phase.doPhase(Phase.java:101)
	at com.sun.faces.lifecycle.LifecycleImpl.execute(LifecycleImpl.java:198)
	at javax.faces.webapp.FacesServlet.service(FacesServlet.java:646)
	at org.apache.catalina.core.ApplicationFilterChain.internalDoFilter(ApplicationFilterChain.java:231)
	at org.apache.catalina.core.ApplicationFilterChain.doFilter(ApplicationFilterChain.java:166)
	at org.apache.tomcat.websocket.server.WsFilter.doFilter(WsFilter.java:53)
	at org.apache.catalina.core.ApplicationFilterChain.internalDoFilter(ApplicationFilterChain.java:193)
	at org.apache.catalina.core.ApplicationFilterChain.doFilter(ApplicationFilterChain.java:166)
	at org.apache.catalina.core.StandardWrapperValve.invoke(StandardWrapperValve.java:199)
	at org.apache.catalina.core.StandardContextValve.invoke(StandardContextValve.java:96)
	at org.apache.catalina.authenticator.AuthenticatorBase.invoke(AuthenticatorBase.java:475)
	at org.apache.catalina.core.StandardHostValve.invoke(StandardHostValve.java:140)
	at org.apache.catalina.valves.ErrorReportValve.invoke(ErrorReportValve.java:80)
	at org.apache.catalina.valves.AbstractAccessLogValve.invoke(AbstractAccessLogValve.java:624)
	at org.apache.catalina.core.StandardEngineValve.invoke(StandardEngineValve.java:87)
	at org.apache.catalina.connector.CoyoteAdapter.service(CoyoteAdapter.java:342)
	at org.apache.coyote.http11.Http11Processor.service(Http11Processor.java:498)
	at org.apache.coyote.AbstractProcessorLight.process(AbstractProcessorLight.java:66)
	at org.apache.coyote.AbstractProtocol$ConnectionHandler.process(AbstractProtocol.java:796)
	at org.apache.tomcat.util.net.NioEndpoint$SocketProcessor.doRun(NioEndpoint.java:1366)
	at org.apache.tomcat.util.net.SocketProcessorBase.run(SocketProcessorBase.java:49)
	at java.util.concurrent.ThreadPoolExecutor.runWorker(ThreadPoolExecutor.java:1142)
	at java.util.concurrent.ThreadPoolExecutor$Worker.run(ThreadPoolExecutor.java:617)
	at org.apache.tomcat.util.threads.TaskThread$WrappingRunnable.run(TaskThread.java:61)
	at java.lang.Thread.run(Thread.java:745)
Caused by: javax.faces.FacesException: #{testeBean.sorteio}: javax.el.PropertyNotFoundException: /index.xhtml @21,86 action="#{testeBean.sorteio}": Target Unreachable, identifier [testeBean] resolved to null
	at com.sun.faces.application.ActionListenerImpl.processAction(ActionListenerImpl.java:118)
	at javax.faces.component.UICommand.broadcast(UICommand.java:315)
	at javax.faces.component.UIViewRoot.broadcastEvents(UIViewRoot.java:790)
	at javax.faces.component.UIViewRoot.processApplication(UIViewRoot.java:1282)
	at com.sun.faces.lifecycle.InvokeApplicationPhase.execute(InvokeApplicationPhase.java:81)
	... 25 more
Caused by: javax.faces.el.EvaluationException: javax.el.PropertyNotFoundException: /index.xhtml @21,86 action="#{testeBean.sorteio}": Target Unreachable, identifier [testeBean] resolved to null
	at javax.faces.component.MethodBindingMethodExpressionAdapter.invoke(MethodBindingMethodExpressionAdapter.java:94)
	at com.sun.faces.application.ActionListenerImpl.processAction(ActionListenerImpl.java:102)
	... 29 more
Caused by: javax.el.PropertyNotFoundException: /index.xhtml @21,86 action="#{testeBean.sorteio}": Target Unreachable, identifier [testeBean] resolved to null
	at com.sun.faces.facelets.el.TagMethodExpression.invoke(TagMethodExpression.java:107)
	at javax.faces.component.MethodBindingMethodExpressionAdapter.invoke(MethodBindingMethodExpressionAdapter.java:87)
	... 30 more

10-Jun-2017 17:40:47.277 1100 [http-nio-8080-exec-5] com.sun.faces.context.ExceptionHandlerImpl.log JSF1073: java.lang.NoClassDefFoundError obtido durante o processamento de RENDER_RESPONSE 6: UIComponent-ClientId=, Message=javax/servlet/jsp/jstl/core/Config
10-Jun-2017 17:40:47.277 1100 [http-nio-8080-exec-5] com.sun.faces.context.ExceptionHandlerImpl.log javax/servlet/jsp/jstl/core/Config
 java.lang.NoClassDefFoundError: javax/servlet/jsp/jstl/core/Config
	at com.sun.faces.application.view.JspViewHandlingStrategy.executePageToBuildView(JspViewHandlingStrategy.java:344)
	at com.sun.faces.application.view.JspViewHandlingStrategy.buildView(JspViewHandlingStrategy.java:153)
	at com.sun.faces.lifecycle.RenderResponsePhase.execute(RenderResponsePhase.java:99)
	at com.sun.faces.lifecycle.Phase.doPhase(Phase.java:101)
	at com.sun.faces.lifecycle.LifecycleImpl.render(LifecycleImpl.java:219)
	at javax.faces.webapp.FacesServlet.service(FacesServlet.java:647)
	at org.apache.catalina.core.ApplicationFilterChain.internalDoFilter(ApplicationFilterChain.java:231)
	at org.apache.catalina.core.ApplicationFilterChain.doFilter(ApplicationFilterChain.java:166)
	at org.apache.tomcat.websocket.server.WsFilter.doFilter(WsFilter.java:53)
	at org.apache.catalina.core.ApplicationFilterChain.internalDoFilter(ApplicationFilterChain.java:193)
	at org.apache.catalina.core.ApplicationFilterChain.doFilter(ApplicationFilterChain.java:166)
	at org.apache.catalina.core.StandardWrapperValve.invoke(StandardWrapperValve.java:199)
	at org.apache.catalina.core.StandardContextValve.invoke(StandardContextValve.java:96)
	at org.apache.catalina.authenticator.AuthenticatorBase.invoke(AuthenticatorBase.java:475)
	at org.apache.catalina.core.StandardHostValve.invoke(StandardHostValve.java:140)
	at org.apache.catalina.valves.ErrorReportValve.invoke(ErrorReportValve.java:80)
	at org.apache.catalina.valves.AbstractAccessLogValve.invoke(AbstractAccessLogValve.java:624)
	at org.apache.catalina.core.StandardEngineValve.invoke(StandardEngineValve.java:87)
	at org.apache.catalina.connector.CoyoteAdapter.service(CoyoteAdapter.java:342)
	at org.apache.coyote.http11.Http11Processor.service(Http11Processor.java:498)
	at org.apache.coyote.AbstractProcessorLight.process(AbstractProcessorLight.java:66)
	at org.apache.coyote.AbstractProtocol$ConnectionHandler.process(AbstractProtocol.java:796)
	at org.apache.tomcat.util.net.NioEndpoint$SocketProcessor.doRun(NioEndpoint.java:1366)
	at org.apache.tomcat.util.net.SocketProcessorBase.run(SocketProcessorBase.java:49)
	at java.util.concurrent.ThreadPoolExecutor.runWorker(ThreadPoolExecutor.java:1142)
	at java.util.concurrent.ThreadPoolExecutor$Worker.run(ThreadPoolExecutor.java:617)
	at org.apache.tomcat.util.threads.TaskThread$WrappingRunnable.run(TaskThread.java:61)
	at java.lang.Thread.run(Thread.java:745)
Caused by: java.lang.ClassNotFoundException: javax.servlet.jsp.jstl.core.Config
	at org.apache.catalina.loader.WebappClassLoaderBase.loadClass(WebappClassLoaderBase.java:1275)
	at org.apache.catalina.loader.WebappClassLoaderBase.loadClass(WebappClassLoaderBase.java:1109)
	... 28 more

10-Jun-2017 18:22:23.177 INFORMAÇÕES [main] org.apache.catalina.core.StandardServer.await A valid shutdown command was received via the shutdown port. Stopping the Server instance.
10-Jun-2017 18:22:23.177 INFORMAÇÕES [main] org.apache.coyote.AbstractProtocol.pause Pausing ProtocolHandler ["http-nio-8080"]
10-Jun-2017 18:22:23.302 INFORMAÇÕES [main] org.apache.coyote.AbstractProtocol.pause Pausing ProtocolHandler ["ajp-nio-8009"]
10-Jun-2017 18:22:23.458 INFORMAÇÕES [main] org.apache.catalina.core.StandardService.stopInternal Stopping service [Catalina]
10-Jun-2017 18:22:23.561 INFORMAÇÕES [main] org.apache.coyote.AbstractProtocol.stop Stopping ProtocolHandler ["http-nio-8080"]
10-Jun-2017 18:22:23.561 INFORMAÇÕES [main] org.apache.coyote.AbstractProtocol.stop Stopping ProtocolHandler ["ajp-nio-8009"]
10-Jun-2017 18:22:23.561 INFORMAÇÕES [main] org.apache.coyote.AbstractProtocol.destroy Destroying ProtocolHandler ["http-nio-8080"]
10-Jun-2017 18:22:23.561 INFORMAÇÕES [main] org.apache.coyote.AbstractProtocol.destroy Destroying ProtocolHandler ["ajp-nio-8009"]
10-Jun-2017 20:17:45.795 INFORMAÇÕES [main] org.apache.catalina.startup.VersionLoggerListener.log Server version:        Apache Tomcat/9.0.0.M21
10-Jun-2017 20:17:45.795 INFORMAÇÕES [main] org.apache.catalina.startup.VersionLoggerListener.log Server built:          May 4 2017 22:42:36 UTC
10-Jun-2017 20:17:45.795 INFORMAÇÕES [main] org.apache.catalina.startup.VersionLoggerListener.log Server number:         9.0.0.0
10-Jun-2017 20:17:45.795 INFORMAÇÕES [main] org.apache.catalina.startup.VersionLoggerListener.log OS Name:               Windows 10
10-Jun-2017 20:17:45.795 INFORMAÇÕES [main] org.apache.catalina.startup.VersionLoggerListener.log OS Version:            10.0
10-Jun-2017 20:17:45.795 INFORMAÇÕES [main] org.apache.catalina.startup.VersionLoggerListener.log Architecture:          amd64
10-Jun-2017 20:17:45.795 INFORMAÇÕES [main] org.apache.catalina.startup.VersionLoggerListener.log Java Home:             C:\Program Files\Java\jdk1.8.0_121\jre
10-Jun-2017 20:17:45.795 INFORMAÇÕES [main] org.apache.catalina.startup.VersionLoggerListener.log JVM Version:           1.8.0_121-b13
10-Jun-2017 20:17:45.795 INFORMAÇÕES [main] org.apache.catalina.startup.VersionLoggerListener.log JVM Vendor:            Oracle Corporation
10-Jun-2017 20:17:45.795 INFORMAÇÕES [main] org.apache.catalina.startup.VersionLoggerListener.log CATALINA_BASE:         C:\Users\jean\Documents\NetBeansProjects\sistex\apache-tomcat-9.0.0.M21-windows-x64\apache-tomcat-9.0.0.M21
10-Jun-2017 20:17:45.795 INFORMAÇÕES [main] org.apache.catalina.startup.VersionLoggerListener.log CATALINA_HOME:         C:\Users\jean\Documents\NetBeansProjects\sistex\apache-tomcat-9.0.0.M21-windows-x64\apache-tomcat-9.0.0.M21
10-Jun-2017 20:17:45.795 INFORMAÇÕES [main] org.apache.catalina.startup.VersionLoggerListener.log Command line argument: -Djava.util.logging.config.file=C:\Users\jean\Documents\NetBeansProjects\sistex\apache-tomcat-9.0.0.M21-windows-x64\apache-tomcat-9.0.0.M21\conf\logging.properties
10-Jun-2017 20:17:45.795 INFORMAÇÕES [main] org.apache.catalina.startup.VersionLoggerListener.log Command line argument: -Djava.util.logging.manager=org.apache.juli.ClassLoaderLogManager
10-Jun-2017 20:17:45.795 INFORMAÇÕES [main] org.apache.catalina.startup.VersionLoggerListener.log Command line argument: -Dhttp.nonProxyHosts=localhost|127.0.0.1|DESKTOP-O8HVBJ0
10-Jun-2017 20:17:45.795 INFORMAÇÕES [main] org.apache.catalina.startup.VersionLoggerListener.log Command line argument: -Djdk.tls.ephemeralDHKeySize=2048
10-Jun-2017 20:17:45.795 INFORMAÇÕES [main] org.apache.catalina.startup.VersionLoggerListener.log Command line argument: -Djava.protocol.handler.pkgs=org.apache.catalina.webresources
10-Jun-2017 20:17:45.795 INFORMAÇÕES [main] org.apache.catalina.startup.VersionLoggerListener.log Command line argument: -Dcatalina.base=C:\Users\jean\Documents\NetBeansProjects\sistex\apache-tomcat-9.0.0.M21-windows-x64\apache-tomcat-9.0.0.M21
10-Jun-2017 20:17:45.795 INFORMAÇÕES [main] org.apache.catalina.startup.VersionLoggerListener.log Command line argument: -Dcatalina.home=C:\Users\jean\Documents\NetBeansProjects\sistex\apache-tomcat-9.0.0.M21-windows-x64\apache-tomcat-9.0.0.M21
10-Jun-2017 20:17:45.795 INFORMAÇÕES [main] org.apache.catalina.startup.VersionLoggerListener.log Command line argument: -Djava.io.tmpdir=C:\Users\jean\Documents\NetBeansProjects\sistex\apache-tomcat-9.0.0.M21-windows-x64\apache-tomcat-9.0.0.M21\temp
10-Jun-2017 20:17:45.795 INFORMAÇÕES [main] org.apache.catalina.core.AprLifecycleListener.lifecycleEvent Loaded APR based Apache Tomcat Native library [1.2.12] using APR version [1.5.2].
10-Jun-2017 20:17:45.795 INFORMAÇÕES [main] org.apache.catalina.core.AprLifecycleListener.lifecycleEvent APR capabilities: IPv6 [true], sendfile [true], accept filters [false], random [true].
10-Jun-2017 20:17:45.795 INFORMAÇÕES [main] org.apache.catalina.core.AprLifecycleListener.lifecycleEvent APR/OpenSSL configuration: useAprConnector [false], useOpenSSL [true]
10-Jun-2017 20:17:46.595 INFORMAÇÕES [main] org.apache.catalina.core.AprLifecycleListener.initializeSSL OpenSSL successfully initialized [OpenSSL 1.0.2k  26 Jan 2017]
10-Jun-2017 20:17:46.747 INFORMAÇÕES [main] org.apache.coyote.AbstractProtocol.init Initializing ProtocolHandler ["http-nio-8080"]
10-Jun-2017 20:17:46.966 INFORMAÇÕES [main] org.apache.tomcat.util.net.NioSelectorPool.getSharedSelector Using a shared selector for servlet write/read
10-Jun-2017 20:17:46.966 INFORMAÇÕES [main] org.apache.coyote.AbstractProtocol.init Initializing ProtocolHandler ["ajp-nio-8009"]
10-Jun-2017 20:17:46.966 INFORMAÇÕES [main] org.apache.tomcat.util.net.NioSelectorPool.getSharedSelector Using a shared selector for servlet write/read
10-Jun-2017 20:17:46.966 INFORMAÇÕES [main] org.apache.catalina.startup.Catalina.load Initialization processed in 1708 ms
10-Jun-2017 20:17:47.028 INFORMAÇÕES [main] org.apache.catalina.core.StandardService.startInternal Starting service [Catalina]
10-Jun-2017 20:17:47.028 INFORMAÇÕES [main] org.apache.catalina.core.StandardEngine.startInternal Starting Servlet Engine: Apache Tomcat/9.0.0.M21
10-Jun-2017 20:17:47.028 INFORMAÇÕES [main] org.apache.catalina.startup.HostConfig.deployDescriptor Deploying configuration descriptor [C:\Users\jean\Documents\NetBeansProjects\sistex\apache-tomcat-9.0.0.M21-windows-x64\apache-tomcat-9.0.0.M21\conf\Catalina\localhost\sistex.xml]
10-Jun-2017 20:17:48.008 INFORMAÇÕES [main] org.apache.jasper.servlet.TldScanner.scanJars At least one JAR was scanned for TLDs yet contained no TLDs. Enable debug logging for this logger for a complete list of JARs that were scanned but no TLDs were found in them. Skipping unneeded JARs during scanning can improve startup time and JSP compilation time.
10-Jun-2017 20:17:48.086 INFORMAÇÕES [main] org.apache.catalina.startup.HostConfig.deployDescriptor Deployment of configuration descriptor [C:\Users\jean\Documents\NetBeansProjects\sistex\apache-tomcat-9.0.0.M21-windows-x64\apache-tomcat-9.0.0.M21\conf\Catalina\localhost\sistex.xml] has finished in [1,042] ms
10-Jun-2017 20:17:48.086 INFORMAÇÕES [main] org.apache.catalina.startup.HostConfig.deployDescriptor Deploying configuration descriptor [C:\Users\jean\Documents\NetBeansProjects\sistex\apache-tomcat-9.0.0.M21-windows-x64\apache-tomcat-9.0.0.M21\conf\Catalina\localhost\test.xml]
10-Jun-2017 20:17:48.086 GRAVE [main] org.apache.catalina.core.ContainerBase.addChildInternal ContainerBase.addChild: start: 
 org.apache.catalina.LifecycleException: Failed to start component [org.apache.catalina.webresources.StandardRoot@5f9b2141]
	at org.apache.catalina.util.LifecycleBase.handleSubClassException(LifecycleBase.java:441)
	at org.apache.catalina.util.LifecycleBase.start(LifecycleBase.java:198)
	at org.apache.catalina.core.StandardContext.resourcesStart(StandardContext.java:4850)
	at org.apache.catalina.core.StandardContext.startInternal(StandardContext.java:4982)
	at org.apache.catalina.util.LifecycleBase.start(LifecycleBase.java:183)
	at org.apache.catalina.core.ContainerBase.addChildInternal(ContainerBase.java:752)
	at org.apache.catalina.core.ContainerBase.addChild(ContainerBase.java:728)
	at org.apache.catalina.core.StandardHost.addChild(StandardHost.java:734)
	at org.apache.catalina.startup.HostConfig.deployDescriptor(HostConfig.java:596)
	at org.apache.catalina.startup.HostConfig$DeployDescriptor.run(HostConfig.java:1805)
	at java.util.concurrent.Executors$RunnableAdapter.call(Executors.java:511)
	at java.util.concurrent.FutureTask.run(FutureTask.java:266)
	at org.apache.tomcat.util.threads.InlineExecutorService.execute(InlineExecutorService.java:75)
	at java.util.concurrent.AbstractExecutorService.submit(AbstractExecutorService.java:112)
	at org.apache.catalina.startup.HostConfig.deployDescriptors(HostConfig.java:506)
	at org.apache.catalina.startup.HostConfig.deployApps(HostConfig.java:405)
	at org.apache.catalina.startup.HostConfig.start(HostConfig.java:1551)
	at org.apache.catalina.startup.HostConfig.lifecycleEvent(HostConfig.java:284)
	at org.apache.catalina.util.LifecycleBase.fireLifecycleEvent(LifecycleBase.java:123)
	at org.apache.catalina.util.LifecycleBase.setStateInternal(LifecycleBase.java:424)
	at org.apache.catalina.util.LifecycleBase.setState(LifecycleBase.java:367)
	at org.apache.catalina.core.ContainerBase.startInternal(ContainerBase.java:976)
	at org.apache.catalina.core.StandardHost.startInternal(StandardHost.java:872)
	at org.apache.catalina.util.LifecycleBase.start(LifecycleBase.java:183)
	at org.apache.catalina.core.ContainerBase$StartChild.call(ContainerBase.java:1439)
	at org.apache.catalina.core.ContainerBase$StartChild.call(ContainerBase.java:1429)
	at java.util.concurrent.FutureTask.run(FutureTask.java:266)
	at org.apache.tomcat.util.threads.InlineExecutorService.execute(InlineExecutorService.java:75)
	at java.util.concurrent.AbstractExecutorService.submit(AbstractExecutorService.java:134)
	at org.apache.catalina.core.ContainerBase.startInternal(ContainerBase.java:953)
	at org.apache.catalina.core.StandardEngine.startInternal(StandardEngine.java:262)
	at org.apache.catalina.util.LifecycleBase.start(LifecycleBase.java:183)
	at org.apache.catalina.core.StandardService.startInternal(StandardService.java:422)
	at org.apache.catalina.util.LifecycleBase.start(LifecycleBase.java:183)
	at org.apache.catalina.core.StandardServer.startInternal(StandardServer.java:793)
	at org.apache.catalina.util.LifecycleBase.start(LifecycleBase.java:183)
	at org.apache.catalina.startup.Catalina.start(Catalina.java:656)
	at sun.reflect.NativeMethodAccessorImpl.invoke0(Native Method)
	at sun.reflect.NativeMethodAccessorImpl.invoke(NativeMethodAccessorImpl.java:62)
	at sun.reflect.DelegatingMethodAccessorImpl.invoke(DelegatingMethodAccessorImpl.java:43)
	at java.lang.reflect.Method.invoke(Method.java:498)
	at org.apache.catalina.startup.Bootstrap.start(Bootstrap.java:355)
	at org.apache.catalina.startup.Bootstrap.main(Bootstrap.java:495)
Caused by: java.lang.IllegalArgumentException: The main resource set specified [C:\Users\jean\Documents\NetBeansProjects\test\build\web] is not valid
	at org.apache.catalina.webresources.StandardRoot.createMainResourceSet(StandardRoot.java:734)
	at org.apache.catalina.webresources.StandardRoot.startInternal(StandardRoot.java:691)
	at org.apache.catalina.util.LifecycleBase.start(LifecycleBase.java:183)
	... 41 more

10-Jun-2017 20:17:48.102 GRAVE [main] org.apache.catalina.startup.HostConfig.deployDescriptor Error deploying configuration descriptor [C:\Users\jean\Documents\NetBeansProjects\sistex\apache-tomcat-9.0.0.M21-windows-x64\apache-tomcat-9.0.0.M21\conf\Catalina\localhost\test.xml]
 java.lang.IllegalStateException: ContainerBase.addChild: start: org.apache.catalina.LifecycleException: Failed to start component [org.apache.catalina.webresources.StandardRoot@5f9b2141]
	at org.apache.catalina.core.ContainerBase.addChildInternal(ContainerBase.java:756)
	at org.apache.catalina.core.ContainerBase.addChild(ContainerBase.java:728)
	at org.apache.catalina.core.StandardHost.addChild(StandardHost.java:734)
	at org.apache.catalina.startup.HostConfig.deployDescriptor(HostConfig.java:596)
	at org.apache.catalina.startup.HostConfig$DeployDescriptor.run(HostConfig.java:1805)
	at java.util.concurrent.Executors$RunnableAdapter.call(Executors.java:511)
	at java.util.concurrent.FutureTask.run(FutureTask.java:266)
	at org.apache.tomcat.util.threads.InlineExecutorService.execute(InlineExecutorService.java:75)
	at java.util.concurrent.AbstractExecutorService.submit(AbstractExecutorService.java:112)
	at org.apache.catalina.startup.HostConfig.deployDescriptors(HostConfig.java:506)
	at org.apache.catalina.startup.HostConfig.deployApps(HostConfig.java:405)
	at org.apache.catalina.startup.HostConfig.start(HostConfig.java:1551)
	at org.apache.catalina.startup.HostConfig.lifecycleEvent(HostConfig.java:284)
	at org.apache.catalina.util.LifecycleBase.fireLifecycleEvent(LifecycleBase.java:123)
	at org.apache.catalina.util.LifecycleBase.setStateInternal(LifecycleBase.java:424)
	at org.apache.catalina.util.LifecycleBase.setState(LifecycleBase.java:367)
	at org.apache.catalina.core.ContainerBase.startInternal(ContainerBase.java:976)
	at org.apache.catalina.core.StandardHost.startInternal(StandardHost.java:872)
	at org.apache.catalina.util.LifecycleBase.start(LifecycleBase.java:183)
	at org.apache.catalina.core.ContainerBase$StartChild.call(ContainerBase.java:1439)
	at org.apache.catalina.core.ContainerBase$StartChild.call(ContainerBase.java:1429)
	at java.util.concurrent.FutureTask.run(FutureTask.java:266)
	at org.apache.tomcat.util.threads.InlineExecutorService.execute(InlineExecutorService.java:75)
	at java.util.concurrent.AbstractExecutorService.submit(AbstractExecutorService.java:134)
	at org.apache.catalina.core.ContainerBase.startInternal(ContainerBase.java:953)
	at org.apache.catalina.core.StandardEngine.startInternal(StandardEngine.java:262)
	at org.apache.catalina.util.LifecycleBase.start(LifecycleBase.java:183)
	at org.apache.catalina.core.StandardService.startInternal(StandardService.java:422)
	at org.apache.catalina.util.LifecycleBase.start(LifecycleBase.java:183)
	at org.apache.catalina.core.StandardServer.startInternal(StandardServer.java:793)
	at org.apache.catalina.util.LifecycleBase.start(LifecycleBase.java:183)
	at org.apache.catalina.startup.Catalina.start(Catalina.java:656)
	at sun.reflect.NativeMethodAccessorImpl.invoke0(Native Method)
	at sun.reflect.NativeMethodAccessorImpl.invoke(NativeMethodAccessorImpl.java:62)
	at sun.reflect.DelegatingMethodAccessorImpl.invoke(DelegatingMethodAccessorImpl.java:43)
	at java.lang.reflect.Method.invoke(Method.java:498)
	at org.apache.catalina.startup.Bootstrap.start(Bootstrap.java:355)
	at org.apache.catalina.startup.Bootstrap.main(Bootstrap.java:495)

10-Jun-2017 20:17:48.102 INFORMAÇÕES [main] org.apache.catalina.startup.HostConfig.deployDescriptor Deployment of configuration descriptor [C:\Users\jean\Documents\NetBeansProjects\sistex\apache-tomcat-9.0.0.M21-windows-x64\apache-tomcat-9.0.0.M21\conf\Catalina\localhost\test.xml] has finished in [16] ms
10-Jun-2017 20:17:48.102 INFORMAÇÕES [main] org.apache.catalina.startup.HostConfig.deployDirectory Deploying web application directory [C:\Users\jean\Documents\NetBeansProjects\sistex\apache-tomcat-9.0.0.M21-windows-x64\apache-tomcat-9.0.0.M21\webapps\docs]
10-Jun-2017 20:17:48.195 INFORMAÇÕES [main] org.apache.catalina.startup.HostConfig.deployDirectory Deployment of web application directory [C:\Users\jean\Documents\NetBeansProjects\sistex\apache-tomcat-9.0.0.M21-windows-x64\apache-tomcat-9.0.0.M21\webapps\docs] has finished in [93] ms
10-Jun-2017 20:17:48.430 INFORMAÇÕES [main] org.apache.catalina.startup.HostConfig.deployDirectory Deploying web application directory [C:\Users\jean\Documents\NetBeansProjects\sistex\apache-tomcat-9.0.0.M21-windows-x64\apache-tomcat-9.0.0.M21\webapps\examples]
10-Jun-2017 20:17:49.678 INFORMAÇÕES [main] org.apache.catalina.startup.HostConfig.deployDirectory Deployment of web application directory [C:\Users\jean\Documents\NetBeansProjects\sistex\apache-tomcat-9.0.0.M21-windows-x64\apache-tomcat-9.0.0.M21\webapps\examples] has finished in [1,248] ms
10-Jun-2017 20:17:49.678 INFORMAÇÕES [main] org.apache.catalina.startup.HostConfig.deployDirectory Deploying web application directory [C:\Users\jean\Documents\NetBeansProjects\sistex\apache-tomcat-9.0.0.M21-windows-x64\apache-tomcat-9.0.0.M21\webapps\host-manager]
10-Jun-2017 20:17:49.735 INFORMAÇÕES [main] org.apache.catalina.startup.HostConfig.deployDirectory Deployment of web application directory [C:\Users\jean\Documents\NetBeansProjects\sistex\apache-tomcat-9.0.0.M21-windows-x64\apache-tomcat-9.0.0.M21\webapps\host-manager] has finished in [57] ms
10-Jun-2017 20:17:49.735 INFORMAÇÕES [main] org.apache.catalina.startup.HostConfig.deployDirectory Deploying web application directory [C:\Users\jean\Documents\NetBeansProjects\sistex\apache-tomcat-9.0.0.M21-windows-x64\apache-tomcat-9.0.0.M21\webapps\manager]
10-Jun-2017 20:17:49.778 INFORMAÇÕES [main] org.apache.catalina.startup.HostConfig.deployDirectory Deployment of web application directory [C:\Users\jean\Documents\NetBeansProjects\sistex\apache-tomcat-9.0.0.M21-windows-x64\apache-tomcat-9.0.0.M21\webapps\manager] has finished in [43] ms
10-Jun-2017 20:17:49.778 INFORMAÇÕES [main] org.apache.catalina.startup.HostConfig.deployDirectory Deploying web application directory [C:\Users\jean\Documents\NetBeansProjects\sistex\apache-tomcat-9.0.0.M21-windows-x64\apache-tomcat-9.0.0.M21\webapps\ROOT]
10-Jun-2017 20:17:49.825 INFORMAÇÕES [main] org.apache.catalina.startup.HostConfig.deployDirectory Deployment of web application directory [C:\Users\jean\Documents\NetBeansProjects\sistex\apache-tomcat-9.0.0.M21-windows-x64\apache-tomcat-9.0.0.M21\webapps\ROOT] has finished in [47] ms
10-Jun-2017 20:17:49.825 INFORMAÇÕES [main] org.apache.coyote.AbstractProtocol.start Starting ProtocolHandler ["http-nio-8080"]
10-Jun-2017 20:17:49.840 INFORMAÇÕES [main] org.apache.coyote.AbstractProtocol.start Starting ProtocolHandler ["ajp-nio-8009"]
10-Jun-2017 20:17:49.840 INFORMAÇÕES [main] org.apache.catalina.startup.Catalina.start Server startup in 2870 ms
10-Jun-2017 20:17:52.875 INFORMAÇÕES [http-nio-8080-exec-8] org.apache.catalina.startup.HostConfig.deployDescriptor Deploying configuration descriptor [C:\Users\jean\Documents\NetBeansProjects\sistex\apache-tomcat-9.0.0.M21-windows-x64\apache-tomcat-9.0.0.M21\conf\Catalina\localhost\exercicios6.xml]
10-Jun-2017 20:17:53.902 INFORMAÇÕES [http-nio-8080-exec-8] com.sun.faces.config.ConfigureListener.contextInitialized Inicializando Mojarra 2.2.7 ( 20140610-1547 https://svn.java.net/svn/mojarra~svn/tags/2.2.7@13362) para o contexto '/exercicios6'
10-Jun-2017 20:17:54.096 INFORMAÇÕES [http-nio-8080-exec-8] com.sun.faces.spi.InjectionProviderFactory.createInstance JSF1048: Anotações PostConstruct/PreDestroy presentes.  Os métodos ManagedBeans marcados com essas anotações informarão as anotações processadas.
10-Jun-2017 20:17:54.782 INFORMAÇÕES [http-nio-8080-exec-8] org.apache.catalina.startup.HostConfig.deployDescriptor Deployment of configuration descriptor [C:\Users\jean\Documents\NetBeansProjects\sistex\apache-tomcat-9.0.0.M21-windows-x64\apache-tomcat-9.0.0.M21\conf\Catalina\localhost\exercicios6.xml] has finished in [1,907] ms
10-Jun-2017 20:17:54.782 INFORMAÇÕES [http-nio-8080-exec-10] org.apache.catalina.util.LifecycleBase.start The start() method was called on component [StandardEngine[Catalina].StandardHost[localhost].StandardContext[/exercicios6]] after start() had already been called. The second call will be ignored.
10-Jun-2017 20:20:17.170 INFORMAÇÕES [http-nio-8080-exec-3] org.apache.catalina.core.StandardContext.reload Reloading Context with name [/exercicios6] has started
10-Jun-2017 20:20:18.396 INFORMAÇÕES [http-nio-8080-exec-3] com.sun.faces.config.ConfigureListener.contextInitialized Inicializando Mojarra 2.2.7 ( 20140610-1547 https://svn.java.net/svn/mojarra~svn/tags/2.2.7@13362) para o contexto '/exercicios6'
10-Jun-2017 20:20:18.551 INFORMAÇÕES [http-nio-8080-exec-3] com.sun.faces.spi.InjectionProviderFactory.createInstance JSF1048: Anotações PostConstruct/PreDestroy presentes.  Os métodos ManagedBeans marcados com essas anotações informarão as anotações processadas.
10-Jun-2017 20:20:19.221 INFORMAÇÕES [http-nio-8080-exec-3] org.apache.catalina.core.StandardContext.reload Reloading Context with name [/exercicios6] is completed
10-Jun-2017 20:20:19.291 INFORMAÇÕES [http-nio-8080-exec-9] org.apache.catalina.core.StandardContext.reload Reloading Context with name [/exercicios6] has started
10-Jun-2017 20:20:20.391 INFORMAÇÕES [http-nio-8080-exec-9] com.sun.faces.config.ConfigureListener.contextInitialized Inicializando Mojarra 2.2.7 ( 20140610-1547 https://svn.java.net/svn/mojarra~svn/tags/2.2.7@13362) para o contexto '/exercicios6'
10-Jun-2017 20:20:20.532 INFORMAÇÕES [http-nio-8080-exec-9] com.sun.faces.spi.InjectionProviderFactory.createInstance JSF1048: Anotações PostConstruct/PreDestroy presentes.  Os métodos ManagedBeans marcados com essas anotações informarão as anotações processadas.
10-Jun-2017 20:20:21.289 INFORMAÇÕES [http-nio-8080-exec-9] org.apache.catalina.core.StandardContext.reload Reloading Context with name [/exercicios6] is completed
10-Jun-2017 20:21:59.041 INFORMAÇÕES [http-nio-8080-exec-12] org.apache.catalina.core.StandardContext.reload Reloading Context with name [/exercicios6] has started
10-Jun-2017 20:22:00.221 INFORMAÇÕES [http-nio-8080-exec-12] com.sun.faces.config.ConfigureListener.contextInitialized Inicializando Mojarra 2.2.7 ( 20140610-1547 https://svn.java.net/svn/mojarra~svn/tags/2.2.7@13362) para o contexto '/exercicios6'
10-Jun-2017 20:22:00.330 INFORMAÇÕES [http-nio-8080-exec-12] com.sun.faces.spi.InjectionProviderFactory.createInstance JSF1048: Anotações PostConstruct/PreDestroy presentes.  Os métodos ManagedBeans marcados com essas anotações informarão as anotações processadas.
10-Jun-2017 20:22:01.154 INFORMAÇÕES [http-nio-8080-exec-12] org.apache.catalina.core.StandardContext.reload Reloading Context with name [/exercicios6] is completed
10-Jun-2017 20:22:03.334 INFORMAÇÕES [http-nio-8080-exec-13] org.apache.catalina.core.StandardContext.reload Reloading Context with name [/exercicios6] has started
10-Jun-2017 20:22:04.221 INFORMAÇÕES [http-nio-8080-exec-13] com.sun.faces.config.ConfigureListener.contextInitialized Inicializando Mojarra 2.2.7 ( 20140610-1547 https://svn.java.net/svn/mojarra~svn/tags/2.2.7@13362) para o contexto '/exercicios6'
10-Jun-2017 20:22:04.283 INFORMAÇÕES [http-nio-8080-exec-13] com.sun.faces.spi.InjectionProviderFactory.createInstance JSF1048: Anotações PostConstruct/PreDestroy presentes.  Os métodos ManagedBeans marcados com essas anotações informarão as anotações processadas.
10-Jun-2017 20:22:04.723 INFORMAÇÕES [http-nio-8080-exec-13] org.apache.catalina.core.StandardContext.reload Reloading Context with name [/exercicios6] is completed
10-Jun-2017 20:22:16.967 INFORMAÇÕES [http-nio-8080-exec-19] org.apache.catalina.core.StandardContext.reload Reloading Context with name [/exercicios6] has started
10-Jun-2017 20:22:17.759 INFORMAÇÕES [http-nio-8080-exec-19] com.sun.faces.config.ConfigureListener.contextInitialized Inicializando Mojarra 2.2.7 ( 20140610-1547 https://svn.java.net/svn/mojarra~svn/tags/2.2.7@13362) para o contexto '/exercicios6'
10-Jun-2017 20:22:17.900 INFORMAÇÕES [http-nio-8080-exec-19] com.sun.faces.spi.InjectionProviderFactory.createInstance JSF1048: Anotações PostConstruct/PreDestroy presentes.  Os métodos ManagedBeans marcados com essas anotações informarão as anotações processadas.
10-Jun-2017 20:22:18.682 INFORMAÇÕES [http-nio-8080-exec-19] org.apache.catalina.core.StandardContext.reload Reloading Context with name [/exercicios6] is completed
10-Jun-2017 20:22:18.729 INFORMAÇÕES [http-nio-8080-exec-8] org.apache.catalina.core.StandardContext.reload Reloading Context with name [/exercicios6] has started
10-Jun-2017 20:22:19.405 INFORMAÇÕES [http-nio-8080-exec-8] com.sun.faces.config.ConfigureListener.contextInitialized Inicializando Mojarra 2.2.7 ( 20140610-1547 https://svn.java.net/svn/mojarra~svn/tags/2.2.7@13362) para o contexto '/exercicios6'
10-Jun-2017 20:22:19.464 INFORMAÇÕES [http-nio-8080-exec-8] com.sun.faces.spi.InjectionProviderFactory.createInstance JSF1048: Anotações PostConstruct/PreDestroy presentes.  Os métodos ManagedBeans marcados com essas anotações informarão as anotações processadas.
10-Jun-2017 20:22:19.882 INFORMAÇÕES [http-nio-8080-exec-8] org.apache.catalina.core.StandardContext.reload Reloading Context with name [/exercicios6] is completed
10-Jun-2017 20:22:37.191 INFORMAÇÕES [http-nio-8080-exec-16] org.apache.catalina.core.StandardContext.reload Reloading Context with name [/exercicios6] has started
10-Jun-2017 20:22:38.083 INFORMAÇÕES [http-nio-8080-exec-16] com.sun.faces.config.ConfigureListener.contextInitialized Inicializando Mojarra 2.2.7 ( 20140610-1547 https://svn.java.net/svn/mojarra~svn/tags/2.2.7@13362) para o contexto '/exercicios6'
10-Jun-2017 20:22:38.172 INFORMAÇÕES [http-nio-8080-exec-16] com.sun.faces.spi.InjectionProviderFactory.createInstance JSF1048: Anotações PostConstruct/PreDestroy presentes.  Os métodos ManagedBeans marcados com essas anotações informarão as anotações processadas.
10-Jun-2017 20:22:38.761 INFORMAÇÕES [http-nio-8080-exec-16] org.apache.catalina.core.StandardContext.reload Reloading Context with name [/exercicios6] is completed
10-Jun-2017 20:22:38.808 INFORMAÇÕES [http-nio-8080-exec-21] org.apache.catalina.core.StandardContext.reload Reloading Context with name [/exercicios6] has started
10-Jun-2017 20:22:39.547 INFORMAÇÕES [http-nio-8080-exec-21] com.sun.faces.config.ConfigureListener.contextInitialized Inicializando Mojarra 2.2.7 ( 20140610-1547 https://svn.java.net/svn/mojarra~svn/tags/2.2.7@13362) para o contexto '/exercicios6'
10-Jun-2017 20:22:39.610 INFORMAÇÕES [http-nio-8080-exec-21] com.sun.faces.spi.InjectionProviderFactory.createInstance JSF1048: Anotações PostConstruct/PreDestroy presentes.  Os métodos ManagedBeans marcados com essas anotações informarão as anotações processadas.
10-Jun-2017 20:22:39.993 INFORMAÇÕES [http-nio-8080-exec-21] org.apache.catalina.core.StandardContext.reload Reloading Context with name [/exercicios6] is completed
10-Jun-2017 20:22:45.328 INFORMAÇÕES [http-nio-8080-exec-25] org.apache.catalina.core.StandardContext.reload Reloading Context with name [/exercicios6] has started
10-Jun-2017 20:22:46.411 INFORMAÇÕES [http-nio-8080-exec-25] com.sun.faces.config.ConfigureListener.contextInitialized Inicializando Mojarra 2.2.7 ( 20140610-1547 https://svn.java.net/svn/mojarra~svn/tags/2.2.7@13362) para o contexto '/exercicios6'
10-Jun-2017 20:22:46.487 INFORMAÇÕES [http-nio-8080-exec-25] com.sun.faces.spi.InjectionProviderFactory.createInstance JSF1048: Anotações PostConstruct/PreDestroy presentes.  Os métodos ManagedBeans marcados com essas anotações informarão as anotações processadas.
10-Jun-2017 20:22:46.850 INFORMAÇÕES [http-nio-8080-exec-25] org.apache.catalina.core.StandardContext.reload Reloading Context with name [/exercicios6] is completed
10-Jun-2017 20:23:47.495 INFORMAÇÕES [http-nio-8080-exec-26] org.apache.catalina.core.StandardContext.reload Reloading Context with name [/exercicios6] has started
10-Jun-2017 20:23:48.259 INFORMAÇÕES [http-nio-8080-exec-26] com.sun.faces.config.ConfigureListener.contextInitialized Inicializando Mojarra 2.2.7 ( 20140610-1547 https://svn.java.net/svn/mojarra~svn/tags/2.2.7@13362) para o contexto '/exercicios6'
10-Jun-2017 20:23:48.337 INFORMAÇÕES [http-nio-8080-exec-26] com.sun.faces.spi.InjectionProviderFactory.createInstance JSF1048: Anotações PostConstruct/PreDestroy presentes.  Os métodos ManagedBeans marcados com essas anotações informarão as anotações processadas.
10-Jun-2017 20:23:48.736 INFORMAÇÕES [http-nio-8080-exec-26] org.apache.catalina.core.StandardContext.reload Reloading Context with name [/exercicios6] is completed
10-Jun-2017 20:23:54.936 INFORMAÇÕES [http-nio-8080-exec-27] org.apache.catalina.core.StandardContext.reload Reloading Context with name [/exercicios6] has started
10-Jun-2017 20:23:55.657 INFORMAÇÕES [http-nio-8080-exec-27] com.sun.faces.config.ConfigureListener.contextInitialized Inicializando Mojarra 2.2.7 ( 20140610-1547 https://svn.java.net/svn/mojarra~svn/tags/2.2.7@13362) para o contexto '/exercicios6'
10-Jun-2017 20:23:55.729 INFORMAÇÕES [http-nio-8080-exec-27] com.sun.faces.spi.InjectionProviderFactory.createInstance JSF1048: Anotações PostConstruct/PreDestroy presentes.  Os métodos ManagedBeans marcados com essas anotações informarão as anotações processadas.
10-Jun-2017 20:23:56.160 INFORMAÇÕES [http-nio-8080-exec-27] org.apache.catalina.core.StandardContext.reload Reloading Context with name [/exercicios6] is completed
10-Jun-2017 20:25:13.205 INFORMAÇÕES [http-nio-8080-exec-6] org.apache.catalina.core.StandardContext.reload Reloading Context with name [/exercicios6] has started
10-Jun-2017 20:25:13.971 INFORMAÇÕES [http-nio-8080-exec-6] com.sun.faces.config.ConfigureListener.contextInitialized Inicializando Mojarra 2.2.7 ( 20140610-1547 https://svn.java.net/svn/mojarra~svn/tags/2.2.7@13362) para o contexto '/exercicios6'
10-Jun-2017 20:25:14.081 INFORMAÇÕES [http-nio-8080-exec-6] com.sun.faces.spi.InjectionProviderFactory.createInstance JSF1048: Anotações PostConstruct/PreDestroy presentes.  Os métodos ManagedBeans marcados com essas anotações informarão as anotações processadas.
10-Jun-2017 20:25:14.638 INFORMAÇÕES [http-nio-8080-exec-6] org.apache.catalina.core.StandardContext.reload Reloading Context with name [/exercicios6] is completed
10-Jun-2017 20:25:17.810 INFORMAÇÕES [http-nio-8080-exec-36] org.apache.catalina.core.StandardContext.reload Reloading Context with name [/exercicios6] has started
10-Jun-2017 20:25:18.759 INFORMAÇÕES [http-nio-8080-exec-36] com.sun.faces.config.ConfigureListener.contextInitialized Inicializando Mojarra 2.2.7 ( 20140610-1547 https://svn.java.net/svn/mojarra~svn/tags/2.2.7@13362) para o contexto '/exercicios6'
10-Jun-2017 20:25:18.821 INFORMAÇÕES [http-nio-8080-exec-36] com.sun.faces.spi.InjectionProviderFactory.createInstance JSF1048: Anotações PostConstruct/PreDestroy presentes.  Os métodos ManagedBeans marcados com essas anotações informarão as anotações processadas.
10-Jun-2017 20:25:19.185 INFORMAÇÕES [http-nio-8080-exec-36] org.apache.catalina.core.StandardContext.reload Reloading Context with name [/exercicios6] is completed
10-Jun-2017 20:25:24.682 INFORMAÇÕES [http-nio-8080-exec-34] org.apache.catalina.core.StandardContext.reload Reloading Context with name [/exercicios6] has started
10-Jun-2017 20:25:25.364 INFORMAÇÕES [http-nio-8080-exec-34] com.sun.faces.config.ConfigureListener.contextInitialized Inicializando Mojarra 2.2.7 ( 20140610-1547 https://svn.java.net/svn/mojarra~svn/tags/2.2.7@13362) para o contexto '/exercicios6'
10-Jun-2017 20:25:25.431 INFORMAÇÕES [http-nio-8080-exec-34] com.sun.faces.spi.InjectionProviderFactory.createInstance JSF1048: Anotações PostConstruct/PreDestroy presentes.  Os métodos ManagedBeans marcados com essas anotações informarão as anotações processadas.
10-Jun-2017 20:25:26.040 INFORMAÇÕES [http-nio-8080-exec-34] org.apache.catalina.core.StandardContext.reload Reloading Context with name [/exercicios6] is completed
10-Jun-2017 20:26:21.692 INFORMAÇÕES [http-nio-8080-exec-40] org.apache.catalina.core.StandardContext.reload Reloading Context with name [/exercicios6] has started
10-Jun-2017 20:26:22.601 INFORMAÇÕES [http-nio-8080-exec-40] com.sun.faces.config.ConfigureListener.contextInitialized Inicializando Mojarra 2.2.7 ( 20140610-1547 https://svn.java.net/svn/mojarra~svn/tags/2.2.7@13362) para o contexto '/exercicios6'
10-Jun-2017 20:26:22.695 INFORMAÇÕES [http-nio-8080-exec-40] com.sun.faces.spi.InjectionProviderFactory.createInstance JSF1048: Anotações PostConstruct/PreDestroy presentes.  Os métodos ManagedBeans marcados com essas anotações informarão as anotações processadas.
10-Jun-2017 20:26:23.104 INFORMAÇÕES [http-nio-8080-exec-40] org.apache.catalina.core.StandardContext.reload Reloading Context with name [/exercicios6] is completed
10-Jun-2017 20:26:42.938 INFORMAÇÕES [http-nio-8080-exec-35] org.apache.catalina.core.StandardContext.reload Reloading Context with name [/exercicios6] has started
10-Jun-2017 20:26:43.772 INFORMAÇÕES [http-nio-8080-exec-35] com.sun.faces.config.ConfigureListener.contextInitialized Inicializando Mojarra 2.2.7 ( 20140610-1547 https://svn.java.net/svn/mojarra~svn/tags/2.2.7@13362) para o contexto '/exercicios6'
10-Jun-2017 20:26:43.835 INFORMAÇÕES [http-nio-8080-exec-35] com.sun.faces.spi.InjectionProviderFactory.createInstance JSF1048: Anotações PostConstruct/PreDestroy presentes.  Os métodos ManagedBeans marcados com essas anotações informarão as anotações processadas.
10-Jun-2017 20:26:44.304 INFORMAÇÕES [http-nio-8080-exec-35] org.apache.catalina.core.StandardContext.reload Reloading Context with name [/exercicios6] is completed
10-Jun-2017 20:26:58.236 INFORMAÇÕES [http-nio-8080-exec-44] org.apache.catalina.core.StandardContext.reload Reloading Context with name [/exercicios6] has started
10-Jun-2017 20:26:58.965 INFORMAÇÕES [http-nio-8080-exec-44] com.sun.faces.config.ConfigureListener.contextInitialized Inicializando Mojarra 2.2.7 ( 20140610-1547 https://svn.java.net/svn/mojarra~svn/tags/2.2.7@13362) para o contexto '/exercicios6'
10-Jun-2017 20:26:59.028 INFORMAÇÕES [http-nio-8080-exec-44] com.sun.faces.spi.InjectionProviderFactory.createInstance JSF1048: Anotações PostConstruct/PreDestroy presentes.  Os métodos ManagedBeans marcados com essas anotações informarão as anotações processadas.
10-Jun-2017 20:26:59.672 INFORMAÇÕES [82] org.apache.catalina.core.StandardContext.reload Reloading Context with name [/exercicios6] is completed
10-Jun-2017 20:27:16.194 INFORMAÇÕES [http-nio-8080-exec-46] org.apache.catalina.core.StandardContext.reload Reloading Context with name [/exercicios6] has started
10-Jun-2017 20:27:16.905 INFORMAÇÕES [http-nio-8080-exec-46] com.sun.faces.config.ConfigureListener.contextInitialized Inicializando Mojarra 2.2.7 ( 20140610-1547 https://svn.java.net/svn/mojarra~svn/tags/2.2.7@13362) para o contexto '/exercicios6'
10-Jun-2017 20:27:16.968 INFORMAÇÕES [http-nio-8080-exec-46] com.sun.faces.spi.InjectionProviderFactory.createInstance JSF1048: Anotações PostConstruct/PreDestroy presentes.  Os métodos ManagedBeans marcados com essas anotações informarão as anotações processadas.
10-Jun-2017 20:27:17.351 INFORMAÇÕES [http-nio-8080-exec-46] org.apache.catalina.core.StandardContext.reload Reloading Context with name [/exercicios6] is completed
10-Jun-2017 20:27:40.862 INFORMAÇÕES [http-nio-8080-exec-31] org.apache.catalina.core.StandardContext.reload Reloading Context with name [/exercicios6] has started
10-Jun-2017 20:27:41.555 INFORMAÇÕES [http-nio-8080-exec-31] com.sun.faces.config.ConfigureListener.contextInitialized Inicializando Mojarra 2.2.7 ( 20140610-1547 https://svn.java.net/svn/mojarra~svn/tags/2.2.7@13362) para o contexto '/exercicios6'
10-Jun-2017 20:27:41.617 INFORMAÇÕES [http-nio-8080-exec-31] com.sun.faces.spi.InjectionProviderFactory.createInstance JSF1048: Anotações PostConstruct/PreDestroy presentes.  Os métodos ManagedBeans marcados com essas anotações informarão as anotações processadas.
10-Jun-2017 20:27:41.982 INFORMAÇÕES [http-nio-8080-exec-31] org.apache.catalina.core.StandardContext.reload Reloading Context with name [/exercicios6] is completed
10-Jun-2017 20:28:35.261 INFORMAÇÕES [http-nio-8080-exec-41] org.apache.catalina.core.StandardContext.reload Reloading Context with name [/exercicios6] has started
10-Jun-2017 20:28:35.955 INFORMAÇÕES [http-nio-8080-exec-41] com.sun.faces.config.ConfigureListener.contextInitialized Inicializando Mojarra 2.2.7 ( 20140610-1547 https://svn.java.net/svn/mojarra~svn/tags/2.2.7@13362) para o contexto '/exercicios6'
10-Jun-2017 20:28:36.018 INFORMAÇÕES [http-nio-8080-exec-41] com.sun.faces.spi.InjectionProviderFactory.createInstance JSF1048: Anotações PostConstruct/PreDestroy presentes.  Os métodos ManagedBeans marcados com essas anotações informarão as anotações processadas.
10-Jun-2017 20:28:36.408 INFORMAÇÕES [http-nio-8080-exec-41] org.apache.catalina.core.StandardContext.reload Reloading Context with name [/exercicios6] is completed
10-Jun-2017 20:28:47.781 INFORMAÇÕES [http-nio-8080-exec-50] org.apache.catalina.core.StandardContext.reload Reloading Context with name [/exercicios6] has started
10-Jun-2017 20:28:48.471 INFORMAÇÕES [http-nio-8080-exec-50] com.sun.faces.config.ConfigureListener.contextInitialized Inicializando Mojarra 2.2.7 ( 20140610-1547 https://svn.java.net/svn/mojarra~svn/tags/2.2.7@13362) para o contexto '/exercicios6'
10-Jun-2017 20:28:48.534 INFORMAÇÕES [http-nio-8080-exec-50] com.sun.faces.spi.InjectionProviderFactory.createInstance JSF1048: Anotações PostConstruct/PreDestroy presentes.  Os métodos ManagedBeans marcados com essas anotações informarão as anotações processadas.
10-Jun-2017 20:28:48.930 INFORMAÇÕES [http-nio-8080-exec-50] org.apache.catalina.core.StandardContext.reload Reloading Context with name [/exercicios6] is completed
10-Jun-2017 20:28:51.897 INFORMAÇÕES [http-nio-8080-exec-54] org.apache.catalina.core.StandardContext.reload Reloading Context with name [/exercicios6] has started
10-Jun-2017 20:28:52.553 INFORMAÇÕES [http-nio-8080-exec-54] com.sun.faces.config.ConfigureListener.contextInitialized Inicializando Mojarra 2.2.7 ( 20140610-1547 https://svn.java.net/svn/mojarra~svn/tags/2.2.7@13362) para o contexto '/exercicios6'
10-Jun-2017 20:28:52.615 INFORMAÇÕES [http-nio-8080-exec-54] com.sun.faces.spi.InjectionProviderFactory.createInstance JSF1048: Anotações PostConstruct/PreDestroy presentes.  Os métodos ManagedBeans marcados com essas anotações informarão as anotações processadas.
10-Jun-2017 20:28:53.065 INFORMAÇÕES [http-nio-8080-exec-54] org.apache.catalina.core.StandardContext.reload Reloading Context with name [/exercicios6] is completed
10-Jun-2017 20:31:47.472 INFORMAÇÕES [http-nio-8080-exec-60] org.apache.catalina.core.StandardContext.reload Reloading Context with name [/exercicios6] has started
10-Jun-2017 20:31:48.010 INFORMAÇÕES [http-nio-8080-exec-60] com.sun.faces.config.ConfigureListener.contextInitialized Inicializando Mojarra 2.2.7 ( 20140610-1547 https://svn.java.net/svn/mojarra~svn/tags/2.2.7@13362) para o contexto '/exercicios6'
10-Jun-2017 20:31:48.087 INFORMAÇÕES [http-nio-8080-exec-60] com.sun.faces.spi.InjectionProviderFactory.createInstance JSF1048: Anotações PostConstruct/PreDestroy presentes.  Os métodos ManagedBeans marcados com essas anotações informarão as anotações processadas.
10-Jun-2017 20:31:48.515 INFORMAÇÕES [http-nio-8080-exec-60] org.apache.catalina.core.StandardContext.reload Reloading Context with name [/exercicios6] is completed
10-Jun-2017 20:33:43.806 ADVERTÊNCIA [http-nio-8080-exec-67] com.sun.faces.lifecycle.ProcessValidationsPhase.execute /usuario.xhtml @19,47 value="#{usuarioBean.nome}": Target Unreachable, identifier [usuarioBean] resolved to null
 javax.el.PropertyNotFoundException: /usuario.xhtml @19,47 value="#{usuarioBean.nome}": Target Unreachable, identifier [usuarioBean] resolved to null
	at com.sun.faces.facelets.el.TagValueExpression.getType(TagValueExpression.java:100)
	at com.sun.faces.renderkit.html_basic.HtmlBasicInputRenderer.getConvertedValue(HtmlBasicInputRenderer.java:95)
	at javax.faces.component.UIInput.getConvertedValue(UIInput.java:1045)
	at javax.faces.component.UIInput.validate(UIInput.java:975)
	at javax.faces.component.UIInput.executeValidate(UIInput.java:1248)
	at javax.faces.component.UIInput.processValidators(UIInput.java:712)
	at javax.faces.component.UIComponentBase.processValidators(UIComponentBase.java:1258)
	at javax.faces.component.UIForm.processValidators(UIForm.java:253)
	at javax.faces.component.UIComponentBase.processValidators(UIComponentBase.java:1258)
	at javax.faces.component.UIComponentBase.processValidators(UIComponentBase.java:1258)
	at javax.faces.component.UIViewRoot.processValidators(UIViewRoot.java:1195)
	at com.sun.faces.lifecycle.ProcessValidationsPhase.execute(ProcessValidationsPhase.java:76)
	at com.sun.faces.lifecycle.Phase.doPhase(Phase.java:101)
	at com.sun.faces.lifecycle.LifecycleImpl.execute(LifecycleImpl.java:198)
	at javax.faces.webapp.FacesServlet.service(FacesServlet.java:646)
	at org.apache.catalina.core.ApplicationFilterChain.internalDoFilter(ApplicationFilterChain.java:231)
	at org.apache.catalina.core.ApplicationFilterChain.doFilter(ApplicationFilterChain.java:166)
	at org.apache.tomcat.websocket.server.WsFilter.doFilter(WsFilter.java:53)
	at org.apache.catalina.core.ApplicationFilterChain.internalDoFilter(ApplicationFilterChain.java:193)
	at org.apache.catalina.core.ApplicationFilterChain.doFilter(ApplicationFilterChain.java:166)
	at org.apache.catalina.core.StandardWrapperValve.invoke(StandardWrapperValve.java:199)
	at org.apache.catalina.core.StandardContextValve.invoke(StandardContextValve.java:96)
	at org.apache.catalina.authenticator.AuthenticatorBase.invoke(AuthenticatorBase.java:475)
	at org.apache.catalina.core.StandardHostValve.invoke(StandardHostValve.java:140)
	at org.apache.catalina.valves.ErrorReportValve.invoke(ErrorReportValve.java:80)
	at org.apache.catalina.valves.AbstractAccessLogValve.invoke(AbstractAccessLogValve.java:624)
	at org.apache.catalina.core.StandardEngineValve.invoke(StandardEngineValve.java:87)
	at org.apache.catalina.connector.CoyoteAdapter.service(CoyoteAdapter.java:342)
	at org.apache.coyote.http11.Http11Processor.service(Http11Processor.java:498)
	at org.apache.coyote.AbstractProcessorLight.process(AbstractProcessorLight.java:66)
	at org.apache.coyote.AbstractProtocol$ConnectionHandler.process(AbstractProtocol.java:796)
	at org.apache.tomcat.util.net.NioEndpoint$SocketProcessor.doRun(NioEndpoint.java:1366)
	at org.apache.tomcat.util.net.SocketProcessorBase.run(SocketProcessorBase.java:49)
	at java.util.concurrent.ThreadPoolExecutor.runWorker(ThreadPoolExecutor.java:1142)
	at java.util.concurrent.ThreadPoolExecutor$Worker.run(ThreadPoolExecutor.java:617)
	at org.apache.tomcat.util.threads.TaskThread$WrappingRunnable.run(TaskThread.java:61)
	at java.lang.Thread.run(Thread.java:745)
Caused by: javax.el.PropertyNotFoundException: Target Unreachable, identifier [usuarioBean] resolved to null
	at org.apache.el.parser.AstValue.getTarget(AstValue.java:74)
	at org.apache.el.parser.AstValue.getType(AstValue.java:58)
	at org.apache.el.ValueExpressionImpl.getType(ValueExpressionImpl.java:168)
	at com.sun.faces.facelets.el.TagValueExpression.getType(TagValueExpression.java:98)
	... 36 more

