04-Jun-2017 13:59:38.505 INFORMAÇÕES [main] org.apache.catalina.startup.VersionLoggerListener.log Server version:        Apache Tomcat/9.0.0.M21
04-Jun-2017 13:59:38.508 INFORMAÇÕES [main] org.apache.catalina.startup.VersionLoggerListener.log Server built:          May 4 2017 22:42:36 UTC
04-Jun-2017 13:59:38.508 INFORMAÇÕES [main] org.apache.catalina.startup.VersionLoggerListener.log Server number:         9.0.0.0
04-Jun-2017 13:59:38.508 INFORMAÇÕES [main] org.apache.catalina.startup.VersionLoggerListener.log OS Name:               Windows 10
04-Jun-2017 13:59:38.508 INFORMAÇÕES [main] org.apache.catalina.startup.VersionLoggerListener.log OS Version:            10.0
04-Jun-2017 13:59:38.508 INFORMAÇÕES [main] org.apache.catalina.startup.VersionLoggerListener.log Architecture:          amd64
04-Jun-2017 13:59:38.508 INFORMAÇÕES [main] org.apache.catalina.startup.VersionLoggerListener.log Java Home:             C:\Program Files\Java\jdk1.8.0_121\jre
04-Jun-2017 13:59:38.508 INFORMAÇÕES [main] org.apache.catalina.startup.VersionLoggerListener.log JVM Version:           1.8.0_121-b13
04-Jun-2017 13:59:38.508 INFORMAÇÕES [main] org.apache.catalina.startup.VersionLoggerListener.log JVM Vendor:            Oracle Corporation
04-Jun-2017 13:59:38.508 INFORMAÇÕES [main] org.apache.catalina.startup.VersionLoggerListener.log CATALINA_BASE:         C:\Users\jean\Documents\NetBeansProjects\sistex\apache-tomcat-9.0.0.M21-windows-x64\apache-tomcat-9.0.0.M21
04-Jun-2017 13:59:38.509 INFORMAÇÕES [main] org.apache.catalina.startup.VersionLoggerListener.log CATALINA_HOME:         C:\Users\jean\Documents\NetBeansProjects\sistex\apache-tomcat-9.0.0.M21-windows-x64\apache-tomcat-9.0.0.M21
04-Jun-2017 13:59:38.509 INFORMAÇÕES [main] org.apache.catalina.startup.VersionLoggerListener.log Command line argument: -Djava.util.logging.config.file=C:\Users\jean\Documents\NetBeansProjects\sistex\apache-tomcat-9.0.0.M21-windows-x64\apache-tomcat-9.0.0.M21\conf\logging.properties
04-Jun-2017 13:59:38.509 INFORMAÇÕES [main] org.apache.catalina.startup.VersionLoggerListener.log Command line argument: -Djava.util.logging.manager=org.apache.juli.ClassLoaderLogManager
04-Jun-2017 13:59:38.509 INFORMAÇÕES [main] org.apache.catalina.startup.VersionLoggerListener.log Command line argument: -Dhttp.nonProxyHosts=localhost|127.0.0.1|DESKTOP-O8HVBJ0
04-Jun-2017 13:59:38.509 INFORMAÇÕES [main] org.apache.catalina.startup.VersionLoggerListener.log Command line argument: -Djdk.tls.ephemeralDHKeySize=2048
04-Jun-2017 13:59:38.509 INFORMAÇÕES [main] org.apache.catalina.startup.VersionLoggerListener.log Command line argument: -Djava.protocol.handler.pkgs=org.apache.catalina.webresources
04-Jun-2017 13:59:38.509 INFORMAÇÕES [main] org.apache.catalina.startup.VersionLoggerListener.log Command line argument: -Dcatalina.base=C:\Users\jean\Documents\NetBeansProjects\sistex\apache-tomcat-9.0.0.M21-windows-x64\apache-tomcat-9.0.0.M21
04-Jun-2017 13:59:38.510 INFORMAÇÕES [main] org.apache.catalina.startup.VersionLoggerListener.log Command line argument: -Dcatalina.home=C:\Users\jean\Documents\NetBeansProjects\sistex\apache-tomcat-9.0.0.M21-windows-x64\apache-tomcat-9.0.0.M21
04-Jun-2017 13:59:38.510 INFORMAÇÕES [main] org.apache.catalina.startup.VersionLoggerListener.log Command line argument: -Djava.io.tmpdir=C:\Users\jean\Documents\NetBeansProjects\sistex\apache-tomcat-9.0.0.M21-windows-x64\apache-tomcat-9.0.0.M21\temp
04-Jun-2017 13:59:38.510 INFORMAÇÕES [main] org.apache.catalina.core.AprLifecycleListener.lifecycleEvent Loaded APR based Apache Tomcat Native library [1.2.12] using APR version [1.5.2].
04-Jun-2017 13:59:38.510 INFORMAÇÕES [main] org.apache.catalina.core.AprLifecycleListener.lifecycleEvent APR capabilities: IPv6 [true], sendfile [true], accept filters [false], random [true].
04-Jun-2017 13:59:38.510 INFORMAÇÕES [main] org.apache.catalina.core.AprLifecycleListener.lifecycleEvent APR/OpenSSL configuration: useAprConnector [false], useOpenSSL [true]
04-Jun-2017 13:59:39.551 INFORMAÇÕES [main] org.apache.catalina.core.AprLifecycleListener.initializeSSL OpenSSL successfully initialized [OpenSSL 1.0.2k  26 Jan 2017]
04-Jun-2017 13:59:39.805 INFORMAÇÕES [main] org.apache.coyote.AbstractProtocol.init Initializing ProtocolHandler ["http-nio-8080"]
04-Jun-2017 13:59:39.975 INFORMAÇÕES [main] org.apache.tomcat.util.net.NioSelectorPool.getSharedSelector Using a shared selector for servlet write/read
04-Jun-2017 13:59:39.979 INFORMAÇÕES [main] org.apache.coyote.AbstractProtocol.init Initializing ProtocolHandler ["ajp-nio-8009"]
04-Jun-2017 13:59:39.981 INFORMAÇÕES [main] org.apache.tomcat.util.net.NioSelectorPool.getSharedSelector Using a shared selector for servlet write/read
04-Jun-2017 13:59:39.982 INFORMAÇÕES [main] org.apache.catalina.startup.Catalina.load Initialization processed in 2027 ms
04-Jun-2017 13:59:40.024 INFORMAÇÕES [main] org.apache.catalina.core.StandardService.startInternal Starting service [Catalina]
04-Jun-2017 13:59:40.024 INFORMAÇÕES [main] org.apache.catalina.core.StandardEngine.startInternal Starting Servlet Engine: Apache Tomcat/9.0.0.M21
04-Jun-2017 13:59:40.035 INFORMAÇÕES [main] org.apache.catalina.startup.HostConfig.deployDirectory Deploying web application directory [C:\Users\jean\Documents\NetBeansProjects\sistex\apache-tomcat-9.0.0.M21-windows-x64\apache-tomcat-9.0.0.M21\webapps\docs]
04-Jun-2017 13:59:40.473 INFORMAÇÕES [main] org.apache.catalina.startup.HostConfig.deployDirectory Deployment of web application directory [C:\Users\jean\Documents\NetBeansProjects\sistex\apache-tomcat-9.0.0.M21-windows-x64\apache-tomcat-9.0.0.M21\webapps\docs] has finished in [437] ms
04-Jun-2017 13:59:40.473 INFORMAÇÕES [main] org.apache.catalina.startup.HostConfig.deployDirectory Deploying web application directory [C:\Users\jean\Documents\NetBeansProjects\sistex\apache-tomcat-9.0.0.M21-windows-x64\apache-tomcat-9.0.0.M21\webapps\examples]
04-Jun-2017 13:59:41.083 INFORMAÇÕES [main] org.apache.catalina.startup.HostConfig.deployDirectory Deployment of web application directory [C:\Users\jean\Documents\NetBeansProjects\sistex\apache-tomcat-9.0.0.M21-windows-x64\apache-tomcat-9.0.0.M21\webapps\examples] has finished in [610] ms
04-Jun-2017 13:59:41.083 INFORMAÇÕES [main] org.apache.catalina.startup.HostConfig.deployDirectory Deploying web application directory [C:\Users\jean\Documents\NetBeansProjects\sistex\apache-tomcat-9.0.0.M21-windows-x64\apache-tomcat-9.0.0.M21\webapps\host-manager]
04-Jun-2017 13:59:41.122 INFORMAÇÕES [main] org.apache.catalina.startup.HostConfig.deployDirectory Deployment of web application directory [C:\Users\jean\Documents\NetBeansProjects\sistex\apache-tomcat-9.0.0.M21-windows-x64\apache-tomcat-9.0.0.M21\webapps\host-manager] has finished in [39] ms
04-Jun-2017 13:59:41.123 INFORMAÇÕES [main] org.apache.catalina.startup.HostConfig.deployDirectory Deploying web application directory [C:\Users\jean\Documents\NetBeansProjects\sistex\apache-tomcat-9.0.0.M21-windows-x64\apache-tomcat-9.0.0.M21\webapps\manager]
04-Jun-2017 13:59:41.179 INFORMAÇÕES [main] org.apache.catalina.startup.HostConfig.deployDirectory Deployment of web application directory [C:\Users\jean\Documents\NetBeansProjects\sistex\apache-tomcat-9.0.0.M21-windows-x64\apache-tomcat-9.0.0.M21\webapps\manager] has finished in [57] ms
04-Jun-2017 13:59:41.179 INFORMAÇÕES [main] org.apache.catalina.startup.HostConfig.deployDirectory Deploying web application directory [C:\Users\jean\Documents\NetBeansProjects\sistex\apache-tomcat-9.0.0.M21-windows-x64\apache-tomcat-9.0.0.M21\webapps\ROOT]
04-Jun-2017 13:59:41.215 INFORMAÇÕES [main] org.apache.catalina.startup.HostConfig.deployDirectory Deployment of web application directory [C:\Users\jean\Documents\NetBeansProjects\sistex\apache-tomcat-9.0.0.M21-windows-x64\apache-tomcat-9.0.0.M21\webapps\ROOT] has finished in [36] ms
04-Jun-2017 13:59:41.219 INFORMAÇÕES [main] org.apache.coyote.AbstractProtocol.start Starting ProtocolHandler ["http-nio-8080"]
04-Jun-2017 13:59:41.236 INFORMAÇÕES [main] org.apache.coyote.AbstractProtocol.start Starting ProtocolHandler ["ajp-nio-8009"]
04-Jun-2017 13:59:41.239 INFORMAÇÕES [main] org.apache.catalina.startup.Catalina.start Server startup in 1257 ms
04-Jun-2017 13:59:58.182 INFORMAÇÕES [http-nio-8080-exec-10] org.apache.catalina.startup.HostConfig.deployDescriptor Deploying configuration descriptor [C:\Users\jean\Documents\NetBeansProjects\sistex\apache-tomcat-9.0.0.M21-windows-x64\apache-tomcat-9.0.0.M21\conf\Catalina\localhost\sistex.xml]
04-Jun-2017 13:59:58.402 INFORMAÇÕES [http-nio-8080-exec-10] org.apache.jasper.servlet.TldScanner.scanJars At least one JAR was scanned for TLDs yet contained no TLDs. Enable debug logging for this logger for a complete list of JARs that were scanned but no TLDs were found in them. Skipping unneeded JARs during scanning can improve startup time and JSP compilation time.
04-Jun-2017 13:59:58.404 GRAVE [http-nio-8080-exec-10] org.apache.catalina.core.StandardContext.startInternal One or more listeners failed to start. Full details will be found in the appropriate container log file
04-Jun-2017 13:59:58.406 GRAVE [http-nio-8080-exec-10] org.apache.catalina.core.StandardContext.startInternal Context [/sistex] startup failed due to previous errors
04-Jun-2017 13:59:58.421 INFORMAÇÕES [http-nio-8080-exec-10] org.apache.catalina.startup.HostConfig.deployDescriptor Deployment of configuration descriptor [C:\Users\jean\Documents\NetBeansProjects\sistex\apache-tomcat-9.0.0.M21-windows-x64\apache-tomcat-9.0.0.M21\conf\Catalina\localhost\sistex.xml] has finished in [238] ms
04-Jun-2017 14:00:09.704 INFORMAÇÕES [http-nio-8080-exec-6] org.apache.catalina.util.LifecycleBase.stop The stop() method was called on component [StandardEngine[Catalina].StandardHost[localhost].StandardContext[/sistex]] after stop() had already been called. The second call will be ignored.
04-Jun-2017 14:00:10.207 INFORMAÇÕES [http-nio-8080-exec-6] org.apache.catalina.startup.HostConfig.undeploy Undeploying context [/sistex]
04-Jun-2017 14:00:10.264 INFORMAÇÕES [http-nio-8080-exec-5] org.apache.catalina.startup.HostConfig.deployDescriptor Deploying configuration descriptor [C:\Users\jean\Documents\NetBeansProjects\sistex\apache-tomcat-9.0.0.M21-windows-x64\apache-tomcat-9.0.0.M21\conf\Catalina\localhost\sistex.xml]
04-Jun-2017 14:00:12.356 INFORMAÇÕES [http-nio-8080-exec-5] org.apache.jasper.servlet.TldScanner.scanJars At least one JAR was scanned for TLDs yet contained no TLDs. Enable debug logging for this logger for a complete list of JARs that were scanned but no TLDs were found in them. Skipping unneeded JARs during scanning can improve startup time and JSP compilation time.
04-Jun-2017 14:00:15.576 INFORMAÇÕES [http-nio-8080-exec-5] com.sun.xml.ws.server.MonitorBase.createRoot Metro monitoring rootname successfully set to: com.sun.metro:pp=/,type=WSEndpoint,name=/sistex-Ws-WsPort
04-Jun-2017 14:00:15.890 INFORMAÇÕES [http-nio-8080-exec-5] com.sun.xml.ws.transport.http.servlet.WSServletDelegate.<init> WSSERVLET14: Inicializando servlet de JAX-WS
04-Jun-2017 14:00:15.893 INFORMAÇÕES [http-nio-8080-exec-5] com.sun.xml.ws.transport.http.servlet.WSServletContextListener.contextInitialized WSSERVLET12: inicialização do listener de contexto de JAX-WS
04-Jun-2017 14:00:15.893 INFORMAÇÕES [http-nio-8080-exec-5] com.sun.xml.ws.transport.http.servlet.WSServletContextListener.contextInitialized WSSERVLET12: inicialização do listener de contexto de JAX-WS
04-Jun-2017 14:00:15.899 INFORMAÇÕES [http-nio-8080-exec-5] org.apache.catalina.startup.HostConfig.deployDescriptor Deployment of configuration descriptor [C:\Users\jean\Documents\NetBeansProjects\sistex\apache-tomcat-9.0.0.M21-windows-x64\apache-tomcat-9.0.0.M21\conf\Catalina\localhost\sistex.xml] has finished in [5,635] ms
04-Jun-2017 14:00:15.910 INFORMAÇÕES [http-nio-8080-exec-7] org.apache.catalina.util.LifecycleBase.start The start() method was called on component [StandardEngine[Catalina].StandardHost[localhost].StandardContext[/sistex]] after start() had already been called. The second call will be ignored.
04-Jun-2017 14:01:12.128 INFORMAÇÕES [http-nio-8080-exec-3] com.sun.xml.ws.transport.http.servlet.WSServletDelegate.destroy WSSERVLET15: servlet de JAX-WS destruído
04-Jun-2017 14:01:12.132 INFORMAÇÕES [http-nio-8080-exec-3] com.sun.xml.ws.server.WSEndpointImpl.closeManagedObjectManager Closing Metro monitoring root: com.sun.metro:pp=/,type=WSEndpoint,name=/sistex-Ws-WsPort
04-Jun-2017 14:01:12.134 INFORMAÇÕES [http-nio-8080-exec-3] com.sun.xml.ws.transport.http.servlet.WSServletContextListener.contextDestroyed WSSERVLET13: listener de contexto de JAX-WS destruído
04-Jun-2017 14:01:12.134 INFORMAÇÕES [http-nio-8080-exec-3] com.sun.xml.ws.transport.http.servlet.WSServletContextListener.contextDestroyed WSSERVLET13: listener de contexto de JAX-WS destruído
04-Jun-2017 14:01:12.138 ADVERTÊNCIA [http-nio-8080-exec-3] org.apache.catalina.loader.WebappClassLoaderBase.clearReferencesJdbc The web application [sistex] registered the JDBC driver [org.postgresql.Driver] but failed to unregister it when the web application was stopped. To prevent a memory leak, the JDBC Driver has been forcibly unregistered.
04-Jun-2017 14:01:12.140 GRAVE [http-nio-8080-exec-3] org.apache.catalina.loader.WebappClassLoaderBase.checkThreadLocalMapForLeaks The web application [sistex] created a ThreadLocal with key of type [com.sun.xml.ws.api.server.ThreadLocalContainerResolver$1] (value [com.sun.xml.ws.api.server.ThreadLocalContainerResolver$1@3196b4ee]) and a value of type [com.sun.xml.ws.api.server.Container.NoneContainer] (value [com.sun.xml.ws.api.server.Container$NoneContainer@745fb7b2]) but failed to remove it when the web application was stopped. Threads are going to be renewed over time to try and avoid a probable memory leak.
04-Jun-2017 14:01:12.647 INFORMAÇÕES [http-nio-8080-exec-3] org.apache.catalina.startup.HostConfig.undeploy Undeploying context [/sistex]
04-Jun-2017 14:01:12.679 INFORMAÇÕES [http-nio-8080-exec-9] org.apache.catalina.startup.HostConfig.deployDescriptor Deploying configuration descriptor [C:\Users\jean\Documents\NetBeansProjects\sistex\apache-tomcat-9.0.0.M21-windows-x64\apache-tomcat-9.0.0.M21\conf\Catalina\localhost\sistex.xml]
04-Jun-2017 14:01:14.580 INFORMAÇÕES [http-nio-8080-exec-9] org.apache.jasper.servlet.TldScanner.scanJars At least one JAR was scanned for TLDs yet contained no TLDs. Enable debug logging for this logger for a complete list of JARs that were scanned but no TLDs were found in them. Skipping unneeded JARs during scanning can improve startup time and JSP compilation time.
04-Jun-2017 14:01:17.236 INFORMAÇÕES [http-nio-8080-exec-9] com.sun.xml.ws.server.MonitorBase.createRoot Metro monitoring rootname successfully set to: com.sun.metro:pp=/,type=WSEndpoint,name=/sistex-Ws-WsPort
04-Jun-2017 14:01:17.471 INFORMAÇÕES [http-nio-8080-exec-9] com.sun.xml.ws.transport.http.servlet.WSServletDelegate.<init> WSSERVLET14: Inicializando servlet de JAX-WS
04-Jun-2017 14:01:17.472 INFORMAÇÕES [http-nio-8080-exec-9] com.sun.xml.ws.transport.http.servlet.WSServletContextListener.contextInitialized WSSERVLET12: inicialização do listener de contexto de JAX-WS
04-Jun-2017 14:01:17.472 INFORMAÇÕES [http-nio-8080-exec-9] com.sun.xml.ws.transport.http.servlet.WSServletContextListener.contextInitialized WSSERVLET12: inicialização do listener de contexto de JAX-WS
04-Jun-2017 14:01:17.476 INFORMAÇÕES [http-nio-8080-exec-9] org.apache.catalina.startup.HostConfig.deployDescriptor Deployment of configuration descriptor [C:\Users\jean\Documents\NetBeansProjects\sistex\apache-tomcat-9.0.0.M21-windows-x64\apache-tomcat-9.0.0.M21\conf\Catalina\localhost\sistex.xml] has finished in [4,798] ms
04-Jun-2017 14:01:17.482 INFORMAÇÕES [http-nio-8080-exec-6] org.apache.catalina.util.LifecycleBase.start The start() method was called on component [StandardEngine[Catalina].StandardHost[localhost].StandardContext[/sistex]] after start() had already been called. The second call will be ignored.
04-Jun-2017 14:04:33.473 INFORMAÇÕES [http-nio-8080-exec-19] com.sun.xml.ws.transport.http.servlet.WSServletDelegate.destroy WSSERVLET15: servlet de JAX-WS destruído
04-Jun-2017 14:04:33.479 INFORMAÇÕES [http-nio-8080-exec-19] com.sun.xml.ws.server.WSEndpointImpl.closeManagedObjectManager Closing Metro monitoring root: com.sun.metro:pp=/,type=WSEndpoint,name=/sistex-Ws-WsPort
04-Jun-2017 14:04:33.480 INFORMAÇÕES [http-nio-8080-exec-19] com.sun.xml.ws.transport.http.servlet.WSServletContextListener.contextDestroyed WSSERVLET13: listener de contexto de JAX-WS destruído
04-Jun-2017 14:04:33.481 INFORMAÇÕES [http-nio-8080-exec-19] com.sun.xml.ws.transport.http.servlet.WSServletContextListener.contextDestroyed WSSERVLET13: listener de contexto de JAX-WS destruído
04-Jun-2017 14:04:33.485 ADVERTÊNCIA [http-nio-8080-exec-19] org.apache.catalina.loader.WebappClassLoaderBase.clearReferencesJdbc The web application [sistex] registered the JDBC driver [org.postgresql.Driver] but failed to unregister it when the web application was stopped. To prevent a memory leak, the JDBC Driver has been forcibly unregistered.
04-Jun-2017 14:04:33.990 INFORMAÇÕES [http-nio-8080-exec-19] org.apache.catalina.startup.HostConfig.undeploy Undeploying context [/sistex]
04-Jun-2017 14:04:34.030 INFORMAÇÕES [http-nio-8080-exec-12] org.apache.catalina.startup.HostConfig.deployDescriptor Deploying configuration descriptor [C:\Users\jean\Documents\NetBeansProjects\sistex\apache-tomcat-9.0.0.M21-windows-x64\apache-tomcat-9.0.0.M21\conf\Catalina\localhost\sistex.xml]
04-Jun-2017 14:04:35.977 INFORMAÇÕES [http-nio-8080-exec-12] org.apache.jasper.servlet.TldScanner.scanJars At least one JAR was scanned for TLDs yet contained no TLDs. Enable debug logging for this logger for a complete list of JARs that were scanned but no TLDs were found in them. Skipping unneeded JARs during scanning can improve startup time and JSP compilation time.
04-Jun-2017 14:04:38.383 INFORMAÇÕES [http-nio-8080-exec-12] com.sun.xml.ws.server.MonitorBase.createRoot Metro monitoring rootname successfully set to: com.sun.metro:pp=/,type=WSEndpoint,name=/sistex-Ws-WsPort
04-Jun-2017 14:04:38.634 INFORMAÇÕES [http-nio-8080-exec-12] com.sun.xml.ws.transport.http.servlet.WSServletDelegate.<init> WSSERVLET14: Inicializando servlet de JAX-WS
04-Jun-2017 14:04:38.634 INFORMAÇÕES [http-nio-8080-exec-12] com.sun.xml.ws.transport.http.servlet.WSServletContextListener.contextInitialized WSSERVLET12: inicialização do listener de contexto de JAX-WS
04-Jun-2017 14:04:38.634 INFORMAÇÕES [http-nio-8080-exec-12] com.sun.xml.ws.transport.http.servlet.WSServletContextListener.contextInitialized WSSERVLET12: inicialização do listener de contexto de JAX-WS
04-Jun-2017 14:04:38.638 INFORMAÇÕES [http-nio-8080-exec-12] org.apache.catalina.startup.HostConfig.deployDescriptor Deployment of configuration descriptor [C:\Users\jean\Documents\NetBeansProjects\sistex\apache-tomcat-9.0.0.M21-windows-x64\apache-tomcat-9.0.0.M21\conf\Catalina\localhost\sistex.xml] has finished in [4,608] ms
04-Jun-2017 14:04:38.643 INFORMAÇÕES [http-nio-8080-exec-13] org.apache.catalina.util.LifecycleBase.start The start() method was called on component [StandardEngine[Catalina].StandardHost[localhost].StandardContext[/sistex]] after start() had already been called. The second call will be ignored.
04-Jun-2017 14:06:10.844 INFORMAÇÕES [http-nio-8080-exec-29] com.sun.xml.ws.transport.http.servlet.WSServletDelegate.destroy WSSERVLET15: servlet de JAX-WS destruído
04-Jun-2017 14:06:10.850 INFORMAÇÕES [http-nio-8080-exec-29] com.sun.xml.ws.server.WSEndpointImpl.closeManagedObjectManager Closing Metro monitoring root: com.sun.metro:pp=/,type=WSEndpoint,name=/sistex-Ws-WsPort
04-Jun-2017 14:06:10.851 INFORMAÇÕES [http-nio-8080-exec-29] com.sun.xml.ws.transport.http.servlet.WSServletContextListener.contextDestroyed WSSERVLET13: listener de contexto de JAX-WS destruído
04-Jun-2017 14:06:10.851 INFORMAÇÕES [http-nio-8080-exec-29] com.sun.xml.ws.transport.http.servlet.WSServletContextListener.contextDestroyed WSSERVLET13: listener de contexto de JAX-WS destruído
04-Jun-2017 14:06:10.855 ADVERTÊNCIA [http-nio-8080-exec-29] org.apache.catalina.loader.WebappClassLoaderBase.clearReferencesJdbc The web application [sistex] registered the JDBC driver [org.postgresql.Driver] but failed to unregister it when the web application was stopped. To prevent a memory leak, the JDBC Driver has been forcibly unregistered.
04-Jun-2017 14:06:11.359 INFORMAÇÕES [http-nio-8080-exec-29] org.apache.catalina.startup.HostConfig.undeploy Undeploying context [/sistex]
04-Jun-2017 14:06:11.411 INFORMAÇÕES [http-nio-8080-exec-25] org.apache.catalina.startup.HostConfig.deployDescriptor Deploying configuration descriptor [C:\Users\jean\Documents\NetBeansProjects\sistex\apache-tomcat-9.0.0.M21-windows-x64\apache-tomcat-9.0.0.M21\conf\Catalina\localhost\sistex.xml]
04-Jun-2017 14:06:12.679 INFORMAÇÕES [http-nio-8080-exec-25] org.apache.jasper.servlet.TldScanner.scanJars At least one JAR was scanned for TLDs yet contained no TLDs. Enable debug logging for this logger for a complete list of JARs that were scanned but no TLDs were found in them. Skipping unneeded JARs during scanning can improve startup time and JSP compilation time.
04-Jun-2017 14:06:15.065 INFORMAÇÕES [http-nio-8080-exec-25] com.sun.xml.ws.server.MonitorBase.createRoot Metro monitoring rootname successfully set to: com.sun.metro:pp=/,type=WSEndpoint,name=/sistex-Ws-WsPort
04-Jun-2017 14:06:15.378 INFORMAÇÕES [http-nio-8080-exec-25] com.sun.xml.ws.transport.http.servlet.WSServletDelegate.<init> WSSERVLET14: Inicializando servlet de JAX-WS
04-Jun-2017 14:06:15.379 INFORMAÇÕES [http-nio-8080-exec-25] com.sun.xml.ws.transport.http.servlet.WSServletContextListener.contextInitialized WSSERVLET12: inicialização do listener de contexto de JAX-WS
04-Jun-2017 14:06:15.379 INFORMAÇÕES [http-nio-8080-exec-25] com.sun.xml.ws.transport.http.servlet.WSServletContextListener.contextInitialized WSSERVLET12: inicialização do listener de contexto de JAX-WS
04-Jun-2017 14:06:15.384 INFORMAÇÕES [http-nio-8080-exec-25] org.apache.catalina.startup.HostConfig.deployDescriptor Deployment of configuration descriptor [C:\Users\jean\Documents\NetBeansProjects\sistex\apache-tomcat-9.0.0.M21-windows-x64\apache-tomcat-9.0.0.M21\conf\Catalina\localhost\sistex.xml] has finished in [3,973] ms
04-Jun-2017 14:06:15.389 INFORMAÇÕES [http-nio-8080-exec-26] org.apache.catalina.util.LifecycleBase.start The start() method was called on component [StandardEngine[Catalina].StandardHost[localhost].StandardContext[/sistex]] after start() had already been called. The second call will be ignored.
04-Jun-2017 14:11:58.823 INFORMAÇÕES [http-nio-8080-exec-37] com.sun.xml.ws.transport.http.servlet.WSServletDelegate.destroy WSSERVLET15: servlet de JAX-WS destruído
04-Jun-2017 14:11:58.832 INFORMAÇÕES [http-nio-8080-exec-37] com.sun.xml.ws.server.WSEndpointImpl.closeManagedObjectManager Closing Metro monitoring root: com.sun.metro:pp=/,type=WSEndpoint,name=/sistex-Ws-WsPort
04-Jun-2017 14:11:58.837 INFORMAÇÕES [http-nio-8080-exec-37] com.sun.xml.ws.transport.http.servlet.WSServletContextListener.contextDestroyed WSSERVLET13: listener de contexto de JAX-WS destruído
04-Jun-2017 14:11:58.838 INFORMAÇÕES [http-nio-8080-exec-37] com.sun.xml.ws.transport.http.servlet.WSServletContextListener.contextDestroyed WSSERVLET13: listener de contexto de JAX-WS destruído
04-Jun-2017 14:11:58.843 ADVERTÊNCIA [http-nio-8080-exec-37] org.apache.catalina.loader.WebappClassLoaderBase.clearReferencesJdbc The web application [sistex] registered the JDBC driver [org.postgresql.Driver] but failed to unregister it when the web application was stopped. To prevent a memory leak, the JDBC Driver has been forcibly unregistered.
04-Jun-2017 14:11:59.355 INFORMAÇÕES [http-nio-8080-exec-37] org.apache.catalina.startup.HostConfig.undeploy Undeploying context [/sistex]
04-Jun-2017 14:12:20.273 INFORMAÇÕES [http-nio-8080-exec-32] org.apache.catalina.startup.HostConfig.deployDescriptor Deploying configuration descriptor [C:\Users\jean\Documents\NetBeansProjects\sistex\apache-tomcat-9.0.0.M21-windows-x64\apache-tomcat-9.0.0.M21\conf\Catalina\localhost\sistex.xml]
04-Jun-2017 14:12:21.857 INFORMAÇÕES [http-nio-8080-exec-32] org.apache.jasper.servlet.TldScanner.scanJars At least one JAR was scanned for TLDs yet contained no TLDs. Enable debug logging for this logger for a complete list of JARs that were scanned but no TLDs were found in them. Skipping unneeded JARs during scanning can improve startup time and JSP compilation time.
04-Jun-2017 14:12:25.222 INFORMAÇÕES [http-nio-8080-exec-32] com.sun.xml.ws.server.MonitorBase.createRoot Metro monitoring rootname successfully set to: com.sun.metro:pp=/,type=WSEndpoint,name=/sistex-Ws-WsPort
04-Jun-2017 14:12:25.470 INFORMAÇÕES [http-nio-8080-exec-32] com.sun.xml.ws.transport.http.servlet.WSServletDelegate.<init> WSSERVLET14: Inicializando servlet de JAX-WS
04-Jun-2017 14:12:25.470 INFORMAÇÕES [http-nio-8080-exec-32] com.sun.xml.ws.transport.http.servlet.WSServletContextListener.contextInitialized WSSERVLET12: inicialização do listener de contexto de JAX-WS
04-Jun-2017 14:12:25.470 INFORMAÇÕES [http-nio-8080-exec-32] com.sun.xml.ws.transport.http.servlet.WSServletContextListener.contextInitialized WSSERVLET12: inicialização do listener de contexto de JAX-WS
04-Jun-2017 14:12:25.480 INFORMAÇÕES [http-nio-8080-exec-32] org.apache.catalina.startup.HostConfig.deployDescriptor Deployment of configuration descriptor [C:\Users\jean\Documents\NetBeansProjects\sistex\apache-tomcat-9.0.0.M21-windows-x64\apache-tomcat-9.0.0.M21\conf\Catalina\localhost\sistex.xml] has finished in [5,207] ms
04-Jun-2017 14:12:25.484 INFORMAÇÕES [http-nio-8080-exec-40] org.apache.catalina.util.LifecycleBase.start The start() method was called on component [StandardEngine[Catalina].StandardHost[localhost].StandardContext[/sistex]] after start() had already been called. The second call will be ignored.
04-Jun-2017 14:14:21.811 INFORMAÇÕES [ContainerBackgroundProcessor[StandardEngine[Catalina]]] org.apache.catalina.startup.HostConfig.reload Reloading context [/sistex]
04-Jun-2017 14:14:21.811 INFORMAÇÕES [ContainerBackgroundProcessor[StandardEngine[Catalina]]] org.apache.catalina.core.StandardContext.reload Reloading Context with name [/sistex] has started
04-Jun-2017 14:14:21.820 INFORMAÇÕES [ContainerBackgroundProcessor[StandardEngine[Catalina]]] com.sun.xml.ws.transport.http.servlet.WSServletDelegate.destroy WSSERVLET15: servlet de JAX-WS destruído
04-Jun-2017 14:14:21.825 INFORMAÇÕES [ContainerBackgroundProcessor[StandardEngine[Catalina]]] com.sun.xml.ws.server.WSEndpointImpl.closeManagedObjectManager Closing Metro monitoring root: com.sun.metro:pp=/,type=WSEndpoint,name=/sistex-Ws-WsPort
04-Jun-2017 14:14:21.827 INFORMAÇÕES [ContainerBackgroundProcessor[StandardEngine[Catalina]]] com.sun.xml.ws.transport.http.servlet.WSServletContextListener.contextDestroyed WSSERVLET13: listener de contexto de JAX-WS destruído
04-Jun-2017 14:14:21.827 INFORMAÇÕES [ContainerBackgroundProcessor[StandardEngine[Catalina]]] com.sun.xml.ws.transport.http.servlet.WSServletContextListener.contextDestroyed WSSERVLET13: listener de contexto de JAX-WS destruído
04-Jun-2017 14:14:21.831 ADVERTÊNCIA [ContainerBackgroundProcessor[StandardEngine[Catalina]]] org.apache.catalina.loader.WebappClassLoaderBase.clearReferencesJdbc The web application [sistex] registered the JDBC driver [org.postgresql.Driver] but failed to unregister it when the web application was stopped. To prevent a memory leak, the JDBC Driver has been forcibly unregistered.
04-Jun-2017 14:14:23.264 INFORMAÇÕES [ContainerBackgroundProcessor[StandardEngine[Catalina]]] org.apache.jasper.servlet.TldScanner.scanJars At least one JAR was scanned for TLDs yet contained no TLDs. Enable debug logging for this logger for a complete list of JARs that were scanned but no TLDs were found in them. Skipping unneeded JARs during scanning can improve startup time and JSP compilation time.
04-Jun-2017 14:14:23.272 INFORMAÇÕES [ContainerBackgroundProcessor[StandardEngine[Catalina]]] org.apache.catalina.core.StandardContext.reload Reloading Context with name [/sistex] is completed
04-Jun-2017 14:14:33.276 INFORMAÇÕES [ContainerBackgroundProcessor[StandardEngine[Catalina]]] org.apache.catalina.startup.HostConfig.reload Reloading context [/sistex]
04-Jun-2017 14:14:33.276 INFORMAÇÕES [ContainerBackgroundProcessor[StandardEngine[Catalina]]] org.apache.catalina.core.StandardContext.reload Reloading Context with name [/sistex] has started
04-Jun-2017 14:14:37.283 INFORMAÇÕES [ContainerBackgroundProcessor[StandardEngine[Catalina]]] org.apache.jasper.servlet.TldScanner.scanJars At least one JAR was scanned for TLDs yet contained no TLDs. Enable debug logging for this logger for a complete list of JARs that were scanned but no TLDs were found in them. Skipping unneeded JARs during scanning can improve startup time and JSP compilation time.
04-Jun-2017 14:14:37.288 INFORMAÇÕES [ContainerBackgroundProcessor[StandardEngine[Catalina]]] org.apache.catalina.core.StandardContext.reload Reloading Context with name [/sistex] is completed
04-Jun-2017 14:14:58.921 INFORMAÇÕES [main] org.apache.catalina.core.StandardServer.await A valid shutdown command was received via the shutdown port. Stopping the Server instance.
04-Jun-2017 14:14:58.921 INFORMAÇÕES [main] org.apache.coyote.AbstractProtocol.pause Pausing ProtocolHandler ["http-nio-8080"]
04-Jun-2017 14:14:59.053 INFORMAÇÕES [main] org.apache.coyote.AbstractProtocol.pause Pausing ProtocolHandler ["ajp-nio-8009"]
04-Jun-2017 14:14:59.180 INFORMAÇÕES [main] org.apache.catalina.core.StandardService.stopInternal Stopping service [Catalina]
04-Jun-2017 14:14:59.212 INFORMAÇÕES [main] org.apache.coyote.AbstractProtocol.stop Stopping ProtocolHandler ["http-nio-8080"]
04-Jun-2017 14:14:59.215 INFORMAÇÕES [main] org.apache.coyote.AbstractProtocol.stop Stopping ProtocolHandler ["ajp-nio-8009"]
04-Jun-2017 14:14:59.217 INFORMAÇÕES [main] org.apache.coyote.AbstractProtocol.destroy Destroying ProtocolHandler ["http-nio-8080"]
04-Jun-2017 14:14:59.218 INFORMAÇÕES [main] org.apache.coyote.AbstractProtocol.destroy Destroying ProtocolHandler ["ajp-nio-8009"]
