11-Jun-2017 00:24:25.074 INFORMA합ES [main] org.apache.catalina.core.ApplicationContext.log SessionListener: contextDestroyed()
11-Jun-2017 00:24:25.074 INFORMA합ES [main] org.apache.catalina.core.ApplicationContext.log ContextListener: contextDestroyed()
11-Jun-2017 00:24:32.988 INFORMA합ES [main] org.apache.catalina.core.ApplicationContext.log ContextListener: contextInitialized()
11-Jun-2017 00:24:32.988 INFORMA합ES [main] org.apache.catalina.core.ApplicationContext.log SessionListener: contextInitialized()
11-Jun-2017 00:25:32.476 INFORMA합ES [main] org.apache.catalina.core.ApplicationContext.log SessionListener: contextDestroyed()
11-Jun-2017 00:25:32.476 INFORMA합ES [main] org.apache.catalina.core.ApplicationContext.log ContextListener: contextDestroyed()
11-Jun-2017 00:25:39.318 INFORMA합ES [main] org.apache.catalina.core.ApplicationContext.log ContextListener: contextInitialized()
11-Jun-2017 00:25:39.318 INFORMA합ES [main] org.apache.catalina.core.ApplicationContext.log SessionListener: contextInitialized()
11-Jun-2017 00:26:22.962 INFORMA합ES [main] org.apache.catalina.core.ApplicationContext.log SessionListener: contextDestroyed()
11-Jun-2017 00:26:22.962 INFORMA합ES [main] org.apache.catalina.core.ApplicationContext.log ContextListener: contextDestroyed()
11-Jun-2017 00:26:30.221 INFORMA합ES [main] org.apache.catalina.core.ApplicationContext.log ContextListener: contextInitialized()
11-Jun-2017 00:26:30.221 INFORMA합ES [main] org.apache.catalina.core.ApplicationContext.log SessionListener: contextInitialized()
11-Jun-2017 00:26:45.477 GRAVE [http-nio-8080-exec-6] org.apache.catalina.core.StandardWrapperValve.invoke Servlet.service() for servlet [Faces Servlet] in context with path [/exercicios6] threw exception [javax.el.PropertyNotFoundException: /index.xhtml @13,79 action="#{usuarioBean.novo}": Target Unreachable, identifier [usuarioBean] resolved to null] with root cause
 javax.el.PropertyNotFoundException: /index.xhtml @13,79 action="#{usuarioBean.novo}": Target Unreachable, identifier [usuarioBean] resolved to null
	at com.sun.faces.facelets.el.TagMethodExpression.invoke(TagMethodExpression.java:107)
	at javax.faces.component.MethodBindingMethodExpressionAdapter.invoke(MethodBindingMethodExpressionAdapter.java:87)
	at com.sun.faces.application.ActionListenerImpl.processAction(ActionListenerImpl.java:102)
	at javax.faces.component.UICommand.broadcast(UICommand.java:315)
	at javax.faces.component.UIViewRoot.broadcastEvents(UIViewRoot.java:790)
	at javax.faces.component.UIViewRoot.processApplication(UIViewRoot.java:1282)
	at com.sun.faces.lifecycle.InvokeApplicationPhase.execute(InvokeApplicationPhase.java:81)
	at com.sun.faces.lifecycle.Phase.doPhase(Phase.java:101)
	at com.sun.faces.lifecycle.LifecycleImpl.execute(LifecycleImpl.java:198)
	at javax.faces.webapp.FacesServlet.service(FacesServlet.java:646)
	at org.apache.catalina.core.ApplicationFilterChain.internalDoFilter(ApplicationFilterChain.java:231)
	at org.apache.catalina.core.ApplicationFilterChain.doFilter(ApplicationFilterChain.java:166)
	at org.apache.tomcat.websocket.server.WsFilter.doFilter(WsFilter.java:53)
	at org.apache.catalina.core.ApplicationFilterChain.internalDoFilter(ApplicationFilterChain.java:193)
	at org.apache.catalina.core.ApplicationFilterChain.doFilter(ApplicationFilterChain.java:166)
	at org.apache.catalina.core.StandardWrapperValve.invoke(StandardWrapperValve.java:199)
	at org.apache.catalina.core.StandardContextValve.invoke(StandardContextValve.java:96)
	at org.apache.catalina.authenticator.AuthenticatorBase.invoke(AuthenticatorBase.java:475)
	at org.apache.catalina.core.StandardHostValve.invoke(StandardHostValve.java:140)
	at org.apache.catalina.valves.ErrorReportValve.invoke(ErrorReportValve.java:80)
	at org.apache.catalina.valves.AbstractAccessLogValve.invoke(AbstractAccessLogValve.java:624)
	at org.apache.catalina.core.StandardEngineValve.invoke(StandardEngineValve.java:87)
	at org.apache.catalina.connector.CoyoteAdapter.service(CoyoteAdapter.java:342)
	at org.apache.coyote.http11.Http11Processor.service(Http11Processor.java:498)
	at org.apache.coyote.AbstractProcessorLight.process(AbstractProcessorLight.java:66)
	at org.apache.coyote.AbstractProtocol$ConnectionHandler.process(AbstractProtocol.java:796)
	at org.apache.tomcat.util.net.NioEndpoint$SocketProcessor.doRun(NioEndpoint.java:1366)
	at org.apache.tomcat.util.net.SocketProcessorBase.run(SocketProcessorBase.java:49)
	at java.util.concurrent.ThreadPoolExecutor.runWorker(ThreadPoolExecutor.java:1142)
	at java.util.concurrent.ThreadPoolExecutor$Worker.run(ThreadPoolExecutor.java:617)
	at org.apache.tomcat.util.threads.TaskThread$WrappingRunnable.run(TaskThread.java:61)
	at java.lang.Thread.run(Thread.java:745)

11-Jun-2017 00:27:03.131 GRAVE [http-nio-8080-exec-5] org.apache.catalina.core.StandardWrapperValve.invoke Servlet.service() for servlet [Faces Servlet] in context with path [/exercicios6] threw exception [javax.el.PropertyNotFoundException: /index.xhtml @13,79 action="#{usuarioBean.novo}": Target Unreachable, identifier [usuarioBean] resolved to null] with root cause
 javax.el.PropertyNotFoundException: /index.xhtml @13,79 action="#{usuarioBean.novo}": Target Unreachable, identifier [usuarioBean] resolved to null
	at com.sun.faces.facelets.el.TagMethodExpression.invoke(TagMethodExpression.java:107)
	at javax.faces.component.MethodBindingMethodExpressionAdapter.invoke(MethodBindingMethodExpressionAdapter.java:87)
	at com.sun.faces.application.ActionListenerImpl.processAction(ActionListenerImpl.java:102)
	at javax.faces.component.UICommand.broadcast(UICommand.java:315)
	at javax.faces.component.UIViewRoot.broadcastEvents(UIViewRoot.java:790)
	at javax.faces.component.UIViewRoot.processApplication(UIViewRoot.java:1282)
	at com.sun.faces.lifecycle.InvokeApplicationPhase.execute(InvokeApplicationPhase.java:81)
	at com.sun.faces.lifecycle.Phase.doPhase(Phase.java:101)
	at com.sun.faces.lifecycle.LifecycleImpl.execute(LifecycleImpl.java:198)
	at javax.faces.webapp.FacesServlet.service(FacesServlet.java:646)
	at org.apache.catalina.core.ApplicationFilterChain.internalDoFilter(ApplicationFilterChain.java:231)
	at org.apache.catalina.core.ApplicationFilterChain.doFilter(ApplicationFilterChain.java:166)
	at org.apache.tomcat.websocket.server.WsFilter.doFilter(WsFilter.java:53)
	at org.apache.catalina.core.ApplicationFilterChain.internalDoFilter(ApplicationFilterChain.java:193)
	at org.apache.catalina.core.ApplicationFilterChain.doFilter(ApplicationFilterChain.java:166)
	at org.apache.catalina.core.StandardWrapperValve.invoke(StandardWrapperValve.java:199)
	at org.apache.catalina.core.StandardContextValve.invoke(StandardContextValve.java:96)
	at org.apache.catalina.authenticator.AuthenticatorBase.invoke(AuthenticatorBase.java:475)
	at org.apache.catalina.core.StandardHostValve.invoke(StandardHostValve.java:140)
	at org.apache.catalina.valves.ErrorReportValve.invoke(ErrorReportValve.java:80)
	at org.apache.catalina.valves.AbstractAccessLogValve.invoke(AbstractAccessLogValve.java:624)
	at org.apache.catalina.core.StandardEngineValve.invoke(StandardEngineValve.java:87)
	at org.apache.catalina.connector.CoyoteAdapter.service(CoyoteAdapter.java:342)
	at org.apache.coyote.http11.Http11Processor.service(Http11Processor.java:498)
	at org.apache.coyote.AbstractProcessorLight.process(AbstractProcessorLight.java:66)
	at org.apache.coyote.AbstractProtocol$ConnectionHandler.process(AbstractProtocol.java:796)
	at org.apache.tomcat.util.net.NioEndpoint$SocketProcessor.doRun(NioEndpoint.java:1366)
	at org.apache.tomcat.util.net.SocketProcessorBase.run(SocketProcessorBase.java:49)
	at java.util.concurrent.ThreadPoolExecutor.runWorker(ThreadPoolExecutor.java:1142)
	at java.util.concurrent.ThreadPoolExecutor$Worker.run(ThreadPoolExecutor.java:617)
	at org.apache.tomcat.util.threads.TaskThread$WrappingRunnable.run(TaskThread.java:61)
	at java.lang.Thread.run(Thread.java:745)

11-Jun-2017 00:28:21.868 GRAVE [http-nio-8080-exec-9] org.apache.catalina.core.StandardContext.listenerStart Exception sending context initialized event to listener instance of class [com.sun.faces.config.ConfigureListener]
 java.lang.RuntimeException: com.sun.faces.config.ConfigurationException: java.util.concurrent.ExecutionException: com.sun.faces.config.ConfigurationException: Unable to parse document 'file:/C:/Users/jean/Documents/NetBeansProjects/exercicios6/build/web/WEB-INF/faces-config.xml': null
	at com.sun.faces.config.ConfigureListener.contextInitialized(ConfigureListener.java:280)
	at org.apache.catalina.core.StandardContext.listenerStart(StandardContext.java:4733)
	at org.apache.catalina.core.StandardContext.startInternal(StandardContext.java:5197)
	at org.apache.catalina.util.LifecycleBase.start(LifecycleBase.java:183)
	at org.apache.catalina.manager.ManagerServlet.start(ManagerServlet.java:1307)
	at org.apache.catalina.manager.ManagerServlet.doGet(ManagerServlet.java:358)
	at javax.servlet.http.HttpServlet.service(HttpServlet.java:635)
	at javax.servlet.http.HttpServlet.service(HttpServlet.java:742)
	at org.apache.catalina.core.ApplicationFilterChain.internalDoFilter(ApplicationFilterChain.java:231)
	at org.apache.catalina.core.ApplicationFilterChain.doFilter(ApplicationFilterChain.java:166)
	at org.apache.tomcat.websocket.server.WsFilter.doFilter(WsFilter.java:53)
	at org.apache.catalina.core.ApplicationFilterChain.internalDoFilter(ApplicationFilterChain.java:193)
	at org.apache.catalina.core.ApplicationFilterChain.doFilter(ApplicationFilterChain.java:166)
	at org.apache.catalina.filters.SetCharacterEncodingFilter.doFilter(SetCharacterEncodingFilter.java:108)
	at org.apache.catalina.core.ApplicationFilterChain.internalDoFilter(ApplicationFilterChain.java:193)
	at org.apache.catalina.core.ApplicationFilterChain.doFilter(ApplicationFilterChain.java:166)
	at org.apache.catalina.core.StandardWrapperValve.invoke(StandardWrapperValve.java:199)
	at org.apache.catalina.core.StandardContextValve.invoke(StandardContextValve.java:96)
	at org.apache.catalina.authenticator.AuthenticatorBase.invoke(AuthenticatorBase.java:592)
	at org.apache.catalina.valves.RequestFilterValve.process(RequestFilterValve.java:319)
	at org.apache.catalina.valves.RemoteAddrValve.invoke(RemoteAddrValve.java:88)
	at org.apache.catalina.core.StandardHostValve.invoke(StandardHostValve.java:140)
	at org.apache.catalina.valves.ErrorReportValve.invoke(ErrorReportValve.java:80)
	at org.apache.catalina.valves.AbstractAccessLogValve.invoke(AbstractAccessLogValve.java:624)
	at org.apache.catalina.core.StandardEngineValve.invoke(StandardEngineValve.java:87)
	at org.apache.catalina.connector.CoyoteAdapter.service(CoyoteAdapter.java:342)
	at org.apache.coyote.http11.Http11Processor.service(Http11Processor.java:498)
	at org.apache.coyote.AbstractProcessorLight.process(AbstractProcessorLight.java:66)
	at org.apache.coyote.AbstractProtocol$ConnectionHandler.process(AbstractProtocol.java:796)
	at org.apache.tomcat.util.net.NioEndpoint$SocketProcessor.doRun(NioEndpoint.java:1366)
	at org.apache.tomcat.util.net.SocketProcessorBase.run(SocketProcessorBase.java:49)
	at java.util.concurrent.ThreadPoolExecutor.runWorker(ThreadPoolExecutor.java:1142)
	at java.util.concurrent.ThreadPoolExecutor$Worker.run(ThreadPoolExecutor.java:617)
	at org.apache.tomcat.util.threads.TaskThread$WrappingRunnable.run(TaskThread.java:61)
	at java.lang.Thread.run(Thread.java:745)
Caused by: com.sun.faces.config.ConfigurationException: java.util.concurrent.ExecutionException: com.sun.faces.config.ConfigurationException: Unable to parse document 'file:/C:/Users/jean/Documents/NetBeansProjects/exercicios6/build/web/WEB-INF/faces-config.xml': null
	at com.sun.faces.config.ConfigManager.getConfigDocuments(ConfigManager.java:761)
	at com.sun.faces.config.ConfigManager.initialize(ConfigManager.java:349)
	at com.sun.faces.config.ConfigureListener.contextInitialized(ConfigureListener.java:221)
	... 34 more
Caused by: java.util.concurrent.ExecutionException: com.sun.faces.config.ConfigurationException: Unable to parse document 'file:/C:/Users/jean/Documents/NetBeansProjects/exercicios6/build/web/WEB-INF/faces-config.xml': null
	at java.util.concurrent.FutureTask.report(FutureTask.java:122)
	at java.util.concurrent.FutureTask.get(FutureTask.java:192)
	at com.sun.faces.config.ConfigManager.getConfigDocuments(ConfigManager.java:759)
	... 36 more
Caused by: com.sun.faces.config.ConfigurationException: Unable to parse document 'file:/C:/Users/jean/Documents/NetBeansProjects/exercicios6/build/web/WEB-INF/faces-config.xml': null
	at com.sun.faces.config.ConfigManager$ParseTask.call(ConfigManager.java:1012)
	at com.sun.faces.config.ConfigManager$ParseTask.call(ConfigManager.java:954)
	at java.util.concurrent.FutureTask.run(FutureTask.java:266)
	at com.sun.faces.config.ConfigManager.getConfigDocuments(ConfigManager.java:747)
	... 36 more
Caused by: java.lang.NullPointerException
	at com.sun.faces.config.ConfigManager$ParseTask.getDocument(ConfigManager.java:1172)
	at com.sun.faces.config.ConfigManager$ParseTask.call(ConfigManager.java:1003)
	... 39 more

11-Jun-2017 00:28:27.035 GRAVE [http-nio-8080-exec-6] org.apache.catalina.core.StandardContext.listenerStart Exception sending context initialized event to listener instance of class [com.sun.faces.config.ConfigureListener]
 java.lang.RuntimeException: com.sun.faces.config.ConfigurationException: java.util.concurrent.ExecutionException: com.sun.faces.config.ConfigurationException: Unable to parse document 'file:/C:/Users/jean/Documents/NetBeansProjects/exercicios6/build/web/WEB-INF/faces-config.xml': null
	at com.sun.faces.config.ConfigureListener.contextInitialized(ConfigureListener.java:280)
	at org.apache.catalina.core.StandardContext.listenerStart(StandardContext.java:4733)
	at org.apache.catalina.core.StandardContext.startInternal(StandardContext.java:5197)
	at org.apache.catalina.util.LifecycleBase.start(LifecycleBase.java:183)
	at org.apache.catalina.core.ContainerBase.addChildInternal(ContainerBase.java:752)
	at org.apache.catalina.core.ContainerBase.addChild(ContainerBase.java:728)
	at org.apache.catalina.core.StandardHost.addChild(StandardHost.java:734)
	at org.apache.catalina.startup.HostConfig.deployDescriptor(HostConfig.java:596)
	at org.apache.catalina.startup.HostConfig.deployApps(HostConfig.java:467)
	at org.apache.catalina.startup.HostConfig.check(HostConfig.java:1617)
	at sun.reflect.NativeMethodAccessorImpl.invoke0(Native Method)
	at sun.reflect.NativeMethodAccessorImpl.invoke(NativeMethodAccessorImpl.java:62)
	at sun.reflect.DelegatingMethodAccessorImpl.invoke(DelegatingMethodAccessorImpl.java:43)
	at java.lang.reflect.Method.invoke(Method.java:498)
	at org.apache.tomcat.util.modeler.BaseModelMBean.invoke(BaseModelMBean.java:300)
	at com.sun.jmx.interceptor.DefaultMBeanServerInterceptor.invoke(DefaultMBeanServerInterceptor.java:819)
	at com.sun.jmx.mbeanserver.JmxMBeanServer.invoke(JmxMBeanServer.java:801)
	at org.apache.catalina.manager.ManagerServlet.check(ManagerServlet.java:1483)
	at org.apache.catalina.manager.ManagerServlet.deploy(ManagerServlet.java:904)
	at org.apache.catalina.manager.ManagerServlet.doGet(ManagerServlet.java:336)
	at javax.servlet.http.HttpServlet.service(HttpServlet.java:635)
	at javax.servlet.http.HttpServlet.service(HttpServlet.java:742)
	at org.apache.catalina.core.ApplicationFilterChain.internalDoFilter(ApplicationFilterChain.java:231)
	at org.apache.catalina.core.ApplicationFilterChain.doFilter(ApplicationFilterChain.java:166)
	at org.apache.tomcat.websocket.server.WsFilter.doFilter(WsFilter.java:53)
	at org.apache.catalina.core.ApplicationFilterChain.internalDoFilter(ApplicationFilterChain.java:193)
	at org.apache.catalina.core.ApplicationFilterChain.doFilter(ApplicationFilterChain.java:166)
	at org.apache.catalina.filters.SetCharacterEncodingFilter.doFilter(SetCharacterEncodingFilter.java:108)
	at org.apache.catalina.core.ApplicationFilterChain.internalDoFilter(ApplicationFilterChain.java:193)
	at org.apache.catalina.core.ApplicationFilterChain.doFilter(ApplicationFilterChain.java:166)
	at org.apache.catalina.core.StandardWrapperValve.invoke(StandardWrapperValve.java:199)
	at org.apache.catalina.core.StandardContextValve.invoke(StandardContextValve.java:96)
	at org.apache.catalina.authenticator.AuthenticatorBase.invoke(AuthenticatorBase.java:592)
	at org.apache.catalina.valves.RequestFilterValve.process(RequestFilterValve.java:319)
	at org.apache.catalina.valves.RemoteAddrValve.invoke(RemoteAddrValve.java:88)
	at org.apache.catalina.core.StandardHostValve.invoke(StandardHostValve.java:140)
	at org.apache.catalina.valves.ErrorReportValve.invoke(ErrorReportValve.java:80)
	at org.apache.catalina.valves.AbstractAccessLogValve.invoke(AbstractAccessLogValve.java:624)
	at org.apache.catalina.core.StandardEngineValve.invoke(StandardEngineValve.java:87)
	at org.apache.catalina.connector.CoyoteAdapter.service(CoyoteAdapter.java:342)
	at org.apache.coyote.http11.Http11Processor.service(Http11Processor.java:498)
	at org.apache.coyote.AbstractProcessorLight.process(AbstractProcessorLight.java:66)
	at org.apache.coyote.AbstractProtocol$ConnectionHandler.process(AbstractProtocol.java:796)
	at org.apache.tomcat.util.net.NioEndpoint$SocketProcessor.doRun(NioEndpoint.java:1366)
	at org.apache.tomcat.util.net.SocketProcessorBase.run(SocketProcessorBase.java:49)
	at java.util.concurrent.ThreadPoolExecutor.runWorker(ThreadPoolExecutor.java:1142)
	at java.util.concurrent.ThreadPoolExecutor$Worker.run(ThreadPoolExecutor.java:617)
	at org.apache.tomcat.util.threads.TaskThread$WrappingRunnable.run(TaskThread.java:61)
	at java.lang.Thread.run(Thread.java:745)
Caused by: com.sun.faces.config.ConfigurationException: java.util.concurrent.ExecutionException: com.sun.faces.config.ConfigurationException: Unable to parse document 'file:/C:/Users/jean/Documents/NetBeansProjects/exercicios6/build/web/WEB-INF/faces-config.xml': null
	at com.sun.faces.config.ConfigManager.getConfigDocuments(ConfigManager.java:761)
	at com.sun.faces.config.ConfigManager.initialize(ConfigManager.java:349)
	at com.sun.faces.config.ConfigureListener.contextInitialized(ConfigureListener.java:221)
	... 48 more
Caused by: java.util.concurrent.ExecutionException: com.sun.faces.config.ConfigurationException: Unable to parse document 'file:/C:/Users/jean/Documents/NetBeansProjects/exercicios6/build/web/WEB-INF/faces-config.xml': null
	at java.util.concurrent.FutureTask.report(FutureTask.java:122)
	at java.util.concurrent.FutureTask.get(FutureTask.java:192)
	at com.sun.faces.config.ConfigManager.getConfigDocuments(ConfigManager.java:759)
	... 50 more
Caused by: com.sun.faces.config.ConfigurationException: Unable to parse document 'file:/C:/Users/jean/Documents/NetBeansProjects/exercicios6/build/web/WEB-INF/faces-config.xml': null
	at com.sun.faces.config.ConfigManager$ParseTask.call(ConfigManager.java:1012)
	at com.sun.faces.config.ConfigManager$ParseTask.call(ConfigManager.java:954)
	at java.util.concurrent.FutureTask.run(FutureTask.java:266)
	at com.sun.faces.config.ConfigManager.getConfigDocuments(ConfigManager.java:747)
	... 50 more
Caused by: java.lang.NullPointerException
	at com.sun.faces.config.ConfigManager$ParseTask.getDocument(ConfigManager.java:1172)
	at com.sun.faces.config.ConfigManager$ParseTask.call(ConfigManager.java:1003)
	... 53 more

11-Jun-2017 00:28:40.119 INFORMA합ES [main] org.apache.catalina.core.ApplicationContext.log SessionListener: contextDestroyed()
11-Jun-2017 00:28:40.119 INFORMA합ES [main] org.apache.catalina.core.ApplicationContext.log ContextListener: contextDestroyed()
11-Jun-2017 00:28:46.052 INFORMA합ES [main] org.apache.catalina.core.ApplicationContext.log ContextListener: contextInitialized()
11-Jun-2017 00:28:46.052 INFORMA합ES [main] org.apache.catalina.core.ApplicationContext.log SessionListener: contextInitialized()
11-Jun-2017 00:28:52.423 GRAVE [http-nio-8080-exec-6] org.apache.catalina.core.StandardContext.listenerStart Exception sending context initialized event to listener instance of class [com.sun.faces.config.ConfigureListener]
 java.lang.RuntimeException: com.sun.faces.config.ConfigurationException: java.util.concurrent.ExecutionException: com.sun.faces.config.ConfigurationException: Unable to parse document 'file:/C:/Users/jean/Documents/NetBeansProjects/exercicios6/build/web/WEB-INF/faces-config.xml': null
	at com.sun.faces.config.ConfigureListener.contextInitialized(ConfigureListener.java:280)
	at org.apache.catalina.core.StandardContext.listenerStart(StandardContext.java:4733)
	at org.apache.catalina.core.StandardContext.startInternal(StandardContext.java:5197)
	at org.apache.catalina.util.LifecycleBase.start(LifecycleBase.java:183)
	at org.apache.catalina.core.ContainerBase.addChildInternal(ContainerBase.java:752)
	at org.apache.catalina.core.ContainerBase.addChild(ContainerBase.java:728)
	at org.apache.catalina.core.StandardHost.addChild(StandardHost.java:734)
	at org.apache.catalina.startup.HostConfig.deployDescriptor(HostConfig.java:596)
	at org.apache.catalina.startup.HostConfig.deployApps(HostConfig.java:467)
	at org.apache.catalina.startup.HostConfig.check(HostConfig.java:1617)
	at sun.reflect.NativeMethodAccessorImpl.invoke0(Native Method)
	at sun.reflect.NativeMethodAccessorImpl.invoke(NativeMethodAccessorImpl.java:62)
	at sun.reflect.DelegatingMethodAccessorImpl.invoke(DelegatingMethodAccessorImpl.java:43)
	at java.lang.reflect.Method.invoke(Method.java:498)
	at org.apache.tomcat.util.modeler.BaseModelMBean.invoke(BaseModelMBean.java:300)
	at com.sun.jmx.interceptor.DefaultMBeanServerInterceptor.invoke(DefaultMBeanServerInterceptor.java:819)
	at com.sun.jmx.mbeanserver.JmxMBeanServer.invoke(JmxMBeanServer.java:801)
	at org.apache.catalina.manager.ManagerServlet.check(ManagerServlet.java:1483)
	at org.apache.catalina.manager.ManagerServlet.deploy(ManagerServlet.java:904)
	at org.apache.catalina.manager.ManagerServlet.doGet(ManagerServlet.java:336)
	at javax.servlet.http.HttpServlet.service(HttpServlet.java:635)
	at javax.servlet.http.HttpServlet.service(HttpServlet.java:742)
	at org.apache.catalina.core.ApplicationFilterChain.internalDoFilter(ApplicationFilterChain.java:231)
	at org.apache.catalina.core.ApplicationFilterChain.doFilter(ApplicationFilterChain.java:166)
	at org.apache.tomcat.websocket.server.WsFilter.doFilter(WsFilter.java:53)
	at org.apache.catalina.core.ApplicationFilterChain.internalDoFilter(ApplicationFilterChain.java:193)
	at org.apache.catalina.core.ApplicationFilterChain.doFilter(ApplicationFilterChain.java:166)
	at org.apache.catalina.filters.SetCharacterEncodingFilter.doFilter(SetCharacterEncodingFilter.java:108)
	at org.apache.catalina.core.ApplicationFilterChain.internalDoFilter(ApplicationFilterChain.java:193)
	at org.apache.catalina.core.ApplicationFilterChain.doFilter(ApplicationFilterChain.java:166)
	at org.apache.catalina.core.StandardWrapperValve.invoke(StandardWrapperValve.java:199)
	at org.apache.catalina.core.StandardContextValve.invoke(StandardContextValve.java:96)
	at org.apache.catalina.authenticator.AuthenticatorBase.invoke(AuthenticatorBase.java:592)
	at org.apache.catalina.valves.RequestFilterValve.process(RequestFilterValve.java:319)
	at org.apache.catalina.valves.RemoteAddrValve.invoke(RemoteAddrValve.java:88)
	at org.apache.catalina.core.StandardHostValve.invoke(StandardHostValve.java:140)
	at org.apache.catalina.valves.ErrorReportValve.invoke(ErrorReportValve.java:80)
	at org.apache.catalina.valves.AbstractAccessLogValve.invoke(AbstractAccessLogValve.java:624)
	at org.apache.catalina.core.StandardEngineValve.invoke(StandardEngineValve.java:87)
	at org.apache.catalina.connector.CoyoteAdapter.service(CoyoteAdapter.java:342)
	at org.apache.coyote.http11.Http11Processor.service(Http11Processor.java:498)
	at org.apache.coyote.AbstractProcessorLight.process(AbstractProcessorLight.java:66)
	at org.apache.coyote.AbstractProtocol$ConnectionHandler.process(AbstractProtocol.java:796)
	at org.apache.tomcat.util.net.NioEndpoint$SocketProcessor.doRun(NioEndpoint.java:1366)
	at org.apache.tomcat.util.net.SocketProcessorBase.run(SocketProcessorBase.java:49)
	at java.util.concurrent.ThreadPoolExecutor.runWorker(ThreadPoolExecutor.java:1142)
	at java.util.concurrent.ThreadPoolExecutor$Worker.run(ThreadPoolExecutor.java:617)
	at org.apache.tomcat.util.threads.TaskThread$WrappingRunnable.run(TaskThread.java:61)
	at java.lang.Thread.run(Thread.java:745)
Caused by: com.sun.faces.config.ConfigurationException: java.util.concurrent.ExecutionException: com.sun.faces.config.ConfigurationException: Unable to parse document 'file:/C:/Users/jean/Documents/NetBeansProjects/exercicios6/build/web/WEB-INF/faces-config.xml': null
	at com.sun.faces.config.ConfigManager.getConfigDocuments(ConfigManager.java:761)
	at com.sun.faces.config.ConfigManager.initialize(ConfigManager.java:349)
	at com.sun.faces.config.ConfigureListener.contextInitialized(ConfigureListener.java:221)
	... 48 more
Caused by: java.util.concurrent.ExecutionException: com.sun.faces.config.ConfigurationException: Unable to parse document 'file:/C:/Users/jean/Documents/NetBeansProjects/exercicios6/build/web/WEB-INF/faces-config.xml': null
	at java.util.concurrent.FutureTask.report(FutureTask.java:122)
	at java.util.concurrent.FutureTask.get(FutureTask.java:192)
	at com.sun.faces.config.ConfigManager.getConfigDocuments(ConfigManager.java:759)
	... 50 more
Caused by: com.sun.faces.config.ConfigurationException: Unable to parse document 'file:/C:/Users/jean/Documents/NetBeansProjects/exercicios6/build/web/WEB-INF/faces-config.xml': null
	at com.sun.faces.config.ConfigManager$ParseTask.call(ConfigManager.java:1012)
	at com.sun.faces.config.ConfigManager$ParseTask.call(ConfigManager.java:954)
	at java.util.concurrent.FutureTask.run(FutureTask.java:266)
	at com.sun.faces.config.ConfigManager.getConfigDocuments(ConfigManager.java:747)
	... 50 more
Caused by: java.lang.NullPointerException
	at com.sun.faces.config.ConfigManager$ParseTask.getDocument(ConfigManager.java:1172)
	at com.sun.faces.config.ConfigManager$ParseTask.call(ConfigManager.java:1003)
	... 53 more

11-Jun-2017 10:03:44.134 GRAVE [http-nio-8080-exec-10] org.apache.catalina.core.StandardContext.listenerStart Exception sending context initialized event to listener instance of class [com.sun.faces.config.ConfigureListener]
 java.lang.RuntimeException: com.sun.faces.config.ConfigurationException: java.util.concurrent.ExecutionException: com.sun.faces.config.ConfigurationException: Unable to parse document 'file:/C:/Users/jean/Documents/NetBeansProjects/exercicios6/build/web/WEB-INF/faces-config.xml': null
	at com.sun.faces.config.ConfigureListener.contextInitialized(ConfigureListener.java:280)
	at org.apache.catalina.core.StandardContext.listenerStart(StandardContext.java:4733)
	at org.apache.catalina.core.StandardContext.startInternal(StandardContext.java:5197)
	at org.apache.catalina.util.LifecycleBase.start(LifecycleBase.java:183)
	at org.apache.catalina.core.ContainerBase.addChildInternal(ContainerBase.java:752)
	at org.apache.catalina.core.ContainerBase.addChild(ContainerBase.java:728)
	at org.apache.catalina.core.StandardHost.addChild(StandardHost.java:734)
	at org.apache.catalina.startup.HostConfig.deployDescriptor(HostConfig.java:596)
	at org.apache.catalina.startup.HostConfig.deployApps(HostConfig.java:467)
	at org.apache.catalina.startup.HostConfig.check(HostConfig.java:1617)
	at sun.reflect.NativeMethodAccessorImpl.invoke0(Native Method)
	at sun.reflect.NativeMethodAccessorImpl.invoke(NativeMethodAccessorImpl.java:62)
	at sun.reflect.DelegatingMethodAccessorImpl.invoke(DelegatingMethodAccessorImpl.java:43)
	at java.lang.reflect.Method.invoke(Method.java:498)
	at org.apache.tomcat.util.modeler.BaseModelMBean.invoke(BaseModelMBean.java:300)
	at com.sun.jmx.interceptor.DefaultMBeanServerInterceptor.invoke(DefaultMBeanServerInterceptor.java:819)
	at com.sun.jmx.mbeanserver.JmxMBeanServer.invoke(JmxMBeanServer.java:801)
	at org.apache.catalina.manager.ManagerServlet.check(ManagerServlet.java:1483)
	at org.apache.catalina.manager.ManagerServlet.deploy(ManagerServlet.java:904)
	at org.apache.catalina.manager.ManagerServlet.doGet(ManagerServlet.java:336)
	at javax.servlet.http.HttpServlet.service(HttpServlet.java:635)
	at javax.servlet.http.HttpServlet.service(HttpServlet.java:742)
	at org.apache.catalina.core.ApplicationFilterChain.internalDoFilter(ApplicationFilterChain.java:231)
	at org.apache.catalina.core.ApplicationFilterChain.doFilter(ApplicationFilterChain.java:166)
	at org.apache.tomcat.websocket.server.WsFilter.doFilter(WsFilter.java:53)
	at org.apache.catalina.core.ApplicationFilterChain.internalDoFilter(ApplicationFilterChain.java:193)
	at org.apache.catalina.core.ApplicationFilterChain.doFilter(ApplicationFilterChain.java:166)
	at org.apache.catalina.filters.SetCharacterEncodingFilter.doFilter(SetCharacterEncodingFilter.java:108)
	at org.apache.catalina.core.ApplicationFilterChain.internalDoFilter(ApplicationFilterChain.java:193)
	at org.apache.catalina.core.ApplicationFilterChain.doFilter(ApplicationFilterChain.java:166)
	at org.apache.catalina.core.StandardWrapperValve.invoke(StandardWrapperValve.java:199)
	at org.apache.catalina.core.StandardContextValve.invoke(StandardContextValve.java:96)
	at org.apache.catalina.authenticator.AuthenticatorBase.invoke(AuthenticatorBase.java:592)
	at org.apache.catalina.valves.RequestFilterValve.process(RequestFilterValve.java:319)
	at org.apache.catalina.valves.RemoteAddrValve.invoke(RemoteAddrValve.java:88)
	at org.apache.catalina.core.StandardHostValve.invoke(StandardHostValve.java:140)
	at org.apache.catalina.valves.ErrorReportValve.invoke(ErrorReportValve.java:80)
	at org.apache.catalina.valves.AbstractAccessLogValve.invoke(AbstractAccessLogValve.java:624)
	at org.apache.catalina.core.StandardEngineValve.invoke(StandardEngineValve.java:87)
	at org.apache.catalina.connector.CoyoteAdapter.service(CoyoteAdapter.java:342)
	at org.apache.coyote.http11.Http11Processor.service(Http11Processor.java:498)
	at org.apache.coyote.AbstractProcessorLight.process(AbstractProcessorLight.java:66)
	at org.apache.coyote.AbstractProtocol$ConnectionHandler.process(AbstractProtocol.java:796)
	at org.apache.tomcat.util.net.NioEndpoint$SocketProcessor.doRun(NioEndpoint.java:1366)
	at org.apache.tomcat.util.net.SocketProcessorBase.run(SocketProcessorBase.java:49)
	at java.util.concurrent.ThreadPoolExecutor.runWorker(ThreadPoolExecutor.java:1142)
	at java.util.concurrent.ThreadPoolExecutor$Worker.run(ThreadPoolExecutor.java:617)
	at org.apache.tomcat.util.threads.TaskThread$WrappingRunnable.run(TaskThread.java:61)
	at java.lang.Thread.run(Thread.java:745)
Caused by: com.sun.faces.config.ConfigurationException: java.util.concurrent.ExecutionException: com.sun.faces.config.ConfigurationException: Unable to parse document 'file:/C:/Users/jean/Documents/NetBeansProjects/exercicios6/build/web/WEB-INF/faces-config.xml': null
	at com.sun.faces.config.ConfigManager.getConfigDocuments(ConfigManager.java:761)
	at com.sun.faces.config.ConfigManager.initialize(ConfigManager.java:349)
	at com.sun.faces.config.ConfigureListener.contextInitialized(ConfigureListener.java:221)
	... 48 more
Caused by: java.util.concurrent.ExecutionException: com.sun.faces.config.ConfigurationException: Unable to parse document 'file:/C:/Users/jean/Documents/NetBeansProjects/exercicios6/build/web/WEB-INF/faces-config.xml': null
	at java.util.concurrent.FutureTask.report(FutureTask.java:122)
	at java.util.concurrent.FutureTask.get(FutureTask.java:192)
	at com.sun.faces.config.ConfigManager.getConfigDocuments(ConfigManager.java:759)
	... 50 more
Caused by: com.sun.faces.config.ConfigurationException: Unable to parse document 'file:/C:/Users/jean/Documents/NetBeansProjects/exercicios6/build/web/WEB-INF/faces-config.xml': null
	at com.sun.faces.config.ConfigManager$ParseTask.call(ConfigManager.java:1012)
	at com.sun.faces.config.ConfigManager$ParseTask.call(ConfigManager.java:954)
	at java.util.concurrent.FutureTask.run(FutureTask.java:266)
	at com.sun.faces.config.ConfigManager.getConfigDocuments(ConfigManager.java:747)
	... 50 more
Caused by: java.lang.NullPointerException
	at com.sun.faces.config.ConfigManager$ParseTask.getDocument(ConfigManager.java:1172)
	at com.sun.faces.config.ConfigManager$ParseTask.call(ConfigManager.java:1003)
	... 53 more

11-Jun-2017 10:03:48.547 GRAVE [http-nio-8080-exec-8] org.apache.catalina.core.StandardContext.listenerStart Exception sending context initialized event to listener instance of class [com.sun.faces.config.ConfigureListener]
 java.lang.RuntimeException: com.sun.faces.config.ConfigurationException: java.util.concurrent.ExecutionException: com.sun.faces.config.ConfigurationException: Unable to parse document 'file:/C:/Users/jean/Documents/NetBeansProjects/exercicios6/build/web/WEB-INF/faces-config.xml': null
	at com.sun.faces.config.ConfigureListener.contextInitialized(ConfigureListener.java:280)
	at org.apache.catalina.core.StandardContext.listenerStart(StandardContext.java:4733)
	at org.apache.catalina.core.StandardContext.startInternal(StandardContext.java:5197)
	at org.apache.catalina.util.LifecycleBase.start(LifecycleBase.java:183)
	at org.apache.catalina.core.ContainerBase.addChildInternal(ContainerBase.java:752)
	at org.apache.catalina.core.ContainerBase.addChild(ContainerBase.java:728)
	at org.apache.catalina.core.StandardHost.addChild(StandardHost.java:734)
	at org.apache.catalina.startup.HostConfig.deployDescriptor(HostConfig.java:596)
	at org.apache.catalina.startup.HostConfig.deployApps(HostConfig.java:467)
	at org.apache.catalina.startup.HostConfig.check(HostConfig.java:1617)
	at sun.reflect.NativeMethodAccessorImpl.invoke0(Native Method)
	at sun.reflect.NativeMethodAccessorImpl.invoke(NativeMethodAccessorImpl.java:62)
	at sun.reflect.DelegatingMethodAccessorImpl.invoke(DelegatingMethodAccessorImpl.java:43)
	at java.lang.reflect.Method.invoke(Method.java:498)
	at org.apache.tomcat.util.modeler.BaseModelMBean.invoke(BaseModelMBean.java:300)
	at com.sun.jmx.interceptor.DefaultMBeanServerInterceptor.invoke(DefaultMBeanServerInterceptor.java:819)
	at com.sun.jmx.mbeanserver.JmxMBeanServer.invoke(JmxMBeanServer.java:801)
	at org.apache.catalina.manager.ManagerServlet.check(ManagerServlet.java:1483)
	at org.apache.catalina.manager.ManagerServlet.deploy(ManagerServlet.java:904)
	at org.apache.catalina.manager.ManagerServlet.doGet(ManagerServlet.java:336)
	at javax.servlet.http.HttpServlet.service(HttpServlet.java:635)
	at javax.servlet.http.HttpServlet.service(HttpServlet.java:742)
	at org.apache.catalina.core.ApplicationFilterChain.internalDoFilter(ApplicationFilterChain.java:231)
	at org.apache.catalina.core.ApplicationFilterChain.doFilter(ApplicationFilterChain.java:166)
	at org.apache.tomcat.websocket.server.WsFilter.doFilter(WsFilter.java:53)
	at org.apache.catalina.core.ApplicationFilterChain.internalDoFilter(ApplicationFilterChain.java:193)
	at org.apache.catalina.core.ApplicationFilterChain.doFilter(ApplicationFilterChain.java:166)
	at org.apache.catalina.filters.SetCharacterEncodingFilter.doFilter(SetCharacterEncodingFilter.java:108)
	at org.apache.catalina.core.ApplicationFilterChain.internalDoFilter(ApplicationFilterChain.java:193)
	at org.apache.catalina.core.ApplicationFilterChain.doFilter(ApplicationFilterChain.java:166)
	at org.apache.catalina.core.StandardWrapperValve.invoke(StandardWrapperValve.java:199)
	at org.apache.catalina.core.StandardContextValve.invoke(StandardContextValve.java:96)
	at org.apache.catalina.authenticator.AuthenticatorBase.invoke(AuthenticatorBase.java:592)
	at org.apache.catalina.valves.RequestFilterValve.process(RequestFilterValve.java:319)
	at org.apache.catalina.valves.RemoteAddrValve.invoke(RemoteAddrValve.java:88)
	at org.apache.catalina.core.StandardHostValve.invoke(StandardHostValve.java:140)
	at org.apache.catalina.valves.ErrorReportValve.invoke(ErrorReportValve.java:80)
	at org.apache.catalina.valves.AbstractAccessLogValve.invoke(AbstractAccessLogValve.java:624)
	at org.apache.catalina.core.StandardEngineValve.invoke(StandardEngineValve.java:87)
	at org.apache.catalina.connector.CoyoteAdapter.service(CoyoteAdapter.java:342)
	at org.apache.coyote.http11.Http11Processor.service(Http11Processor.java:498)
	at org.apache.coyote.AbstractProcessorLight.process(AbstractProcessorLight.java:66)
	at org.apache.coyote.AbstractProtocol$ConnectionHandler.process(AbstractProtocol.java:796)
	at org.apache.tomcat.util.net.NioEndpoint$SocketProcessor.doRun(NioEndpoint.java:1366)
	at org.apache.tomcat.util.net.SocketProcessorBase.run(SocketProcessorBase.java:49)
	at java.util.concurrent.ThreadPoolExecutor.runWorker(ThreadPoolExecutor.java:1142)
	at java.util.concurrent.ThreadPoolExecutor$Worker.run(ThreadPoolExecutor.java:617)
	at org.apache.tomcat.util.threads.TaskThread$WrappingRunnable.run(TaskThread.java:61)
	at java.lang.Thread.run(Thread.java:745)
Caused by: com.sun.faces.config.ConfigurationException: java.util.concurrent.ExecutionException: com.sun.faces.config.ConfigurationException: Unable to parse document 'file:/C:/Users/jean/Documents/NetBeansProjects/exercicios6/build/web/WEB-INF/faces-config.xml': null
	at com.sun.faces.config.ConfigManager.getConfigDocuments(ConfigManager.java:761)
	at com.sun.faces.config.ConfigManager.initialize(ConfigManager.java:349)
	at com.sun.faces.config.ConfigureListener.contextInitialized(ConfigureListener.java:221)
	... 48 more
Caused by: java.util.concurrent.ExecutionException: com.sun.faces.config.ConfigurationException: Unable to parse document 'file:/C:/Users/jean/Documents/NetBeansProjects/exercicios6/build/web/WEB-INF/faces-config.xml': null
	at java.util.concurrent.FutureTask.report(FutureTask.java:122)
	at java.util.concurrent.FutureTask.get(FutureTask.java:192)
	at com.sun.faces.config.ConfigManager.getConfigDocuments(ConfigManager.java:759)
	... 50 more
Caused by: com.sun.faces.config.ConfigurationException: Unable to parse document 'file:/C:/Users/jean/Documents/NetBeansProjects/exercicios6/build/web/WEB-INF/faces-config.xml': null
	at com.sun.faces.config.ConfigManager$ParseTask.call(ConfigManager.java:1012)
	at com.sun.faces.config.ConfigManager$ParseTask.call(ConfigManager.java:954)
	at java.util.concurrent.FutureTask.run(FutureTask.java:266)
	at com.sun.faces.config.ConfigManager.getConfigDocuments(ConfigManager.java:747)
	... 50 more
Caused by: java.lang.NullPointerException
	at com.sun.faces.config.ConfigManager$ParseTask.getDocument(ConfigManager.java:1172)
	at com.sun.faces.config.ConfigManager$ParseTask.call(ConfigManager.java:1003)
	... 53 more

11-Jun-2017 17:40:06.040 INFORMA합ES [main] org.apache.catalina.core.ApplicationContext.log SessionListener: contextDestroyed()
11-Jun-2017 17:40:06.041 INFORMA합ES [main] org.apache.catalina.core.ApplicationContext.log ContextListener: contextDestroyed()
